[0.008s] Invoking command in '/home/zdk/ckyf/homework2026/build/cilent': CMAKE_PREFIX_PATH=/opt/ros/humble /usr/bin/cmake --build /home/zdk/ckyf/homework2026/build/cilent -- -j32 -l32
[0.045s] [ 25%] Built target serial_sender
[0.046s] [ 50%] Built target kalman_filter
[0.047s] [ 62%] [32mBuilding CXX object CMakeFiles/image_processor.dir/src/image_processor.cpp.o[0m
[6.484s] [ 75%] [32m[1mLinking CXX static library libimage_processor.a[0m
[6.597s] [ 75%] Built target image_processor
[6.622s] [ 87%] [32m[1mLinking CXX executable cilent_main[0m
[7.606s] [100%] Built target cilent_main
[7.615s] Invoked command in '/home/zdk/ckyf/homework2026/build/cilent' returned '0': CMAKE_PREFIX_PATH=/opt/ros/humble /usr/bin/cmake --build /home/zdk/ckyf/homework2026/build/cilent -- -j32 -l32
[7.623s] Invoking command in '/home/zdk/ckyf/homework2026/build/cilent': CMAKE_PREFIX_PATH=/opt/ros/humble /usr/bin/cmake --install /home/zdk/ckyf/homework2026/build/cilent
[7.627s] -- Install configuration: ""
[7.627s] -- Up-to-date: /home/zdk/ckyf/homework2026/install/cilent/lib/libkalman_filter.a
[7.627s] -- Up-to-date: /home/zdk/ckyf/homework2026/install/cilent/include
[7.627s] -- Up-to-date: /home/zdk/ckyf/homework2026/install/cilent/include/cilent
[7.627s] -- Up-to-date: /home/zdk/ckyf/homework2026/install/cilent/include/cilent/serial_sender.h
[7.627s] -- Up-to-date: /home/zdk/ckyf/homework2026/install/cilent/include/cilent/kalman_filter.h
[7.628s] -- Up-to-date: /home/zdk/ckyf/homework2026/install/cilent/include/cilent/image_processor.h
[7.628s] -- Up-to-date: /home/zdk/ckyf/homework2026/install/cilent/share/cilent/environment/library_path.sh
[7.628s] -- Up-to-date: /home/zdk/ckyf/homework2026/install/cilent/share/cilent/environment/library_path.dsv
[7.628s] -- Installing: /home/zdk/ckyf/homework2026/install/cilent/lib/libimage_processor.a
[7.636s] -- Up-to-date: /home/zdk/ckyf/homework2026/install/cilent/lib/libserial_sender.a
[7.636s] -- Installing: /home/zdk/ckyf/homework2026/install/cilent/lib/cilent/cilent_main
[7.640s] -- Set runtime path of "/home/zdk/ckyf/homework2026/install/cilent/lib/cilent/cilent_main" to ""
[7.640s] -- Up-to-date: /home/zdk/ckyf/homework2026/install/cilent/share/ament_index/resource_index/package_run_dependencies/cilent
[7.640s] -- Up-to-date: /home/zdk/ckyf/homework2026/install/cilent/share/ament_index/resource_index/parent_prefix_path/cilent
[7.640s] -- Up-to-date: /home/zdk/ckyf/homework2026/install/cilent/share/cilent/environment/ament_prefix_path.sh
[7.640s] -- Up-to-date: /home/zdk/ckyf/homework2026/install/cilent/share/cilent/environment/ament_prefix_path.dsv
[7.641s] -- Up-to-date: /home/zdk/ckyf/homework2026/install/cilent/share/cilent/environment/path.sh
[7.641s] -- Up-to-date: /home/zdk/ckyf/homework2026/install/cilent/share/cilent/environment/path.dsv
[7.641s] -- Up-to-date: /home/zdk/ckyf/homework2026/install/cilent/share/cilent/local_setup.bash
[7.641s] -- Up-to-date: /home/zdk/ckyf/homework2026/install/cilent/share/cilent/local_setup.sh
[7.641s] -- Up-to-date: /home/zdk/ckyf/homework2026/install/cilent/share/cilent/local_setup.zsh
[7.641s] -- Up-to-date: /home/zdk/ckyf/homework2026/install/cilent/share/cilent/local_setup.dsv
[7.641s] -- Installing: /home/zdk/ckyf/homework2026/install/cilent/share/cilent/package.dsv
[7.641s] -- Up-to-date: /home/zdk/ckyf/homework2026/install/cilent/share/ament_index/resource_index/packages/cilent
[7.641s] -- Up-to-date: /home/zdk/ckyf/homework2026/install/cilent/share/cilent/cmake/export_cilentExport.cmake
[7.642s] -- Up-to-date: /home/zdk/ckyf/homework2026/install/cilent/share/cilent/cmake/export_cilentExport-noconfig.cmake
[7.642s] -- Up-to-date: /home/zdk/ckyf/homework2026/install/cilent/share/cilent/cmake/ament_cmake_export_targets-extras.cmake
[7.643s] -- Up-to-date: /home/zdk/ckyf/homework2026/install/cilent/share/cilent/cmake/ament_cmake_export_dependencies-extras.cmake
[7.643s] -- Up-to-date: /home/zdk/ckyf/homework2026/install/cilent/share/cilent/cmake/cilentConfig.cmake
[7.643s] -- Up-to-date: /home/zdk/ckyf/homework2026/install/cilent/share/cilent/cmake/cilentConfig-version.cmake
[7.643s] -- Up-to-date: /home/zdk/ckyf/homework2026/install/cilent/share/cilent/package.xml
[7.644s] Invoked command in '/home/zdk/ckyf/homework2026/build/cilent' returned '0': CMAKE_PREFIX_PATH=/opt/ros/humble /usr/bin/cmake --install /home/zdk/ckyf/homework2026/build/cilent
