-- The C compiler identification is GNU 11.4.0
-- The CXX compiler identification is GNU 11.4.0
-- Detecting C compiler ABI info
-- Detecting C compiler ABI info - done
-- Check for working C compiler: /usr/bin/cc - skipped
-- Detecting C compile features
-- Detecting C compile features - done
-- Detecting CXX compiler ABI info
-- Detecting CXX compiler ABI info - done
-- Check for working CXX compiler: /usr/bin/c++ - skipped
-- Detecting CXX compile features
-- Detecting CXX compile features - done
-- Found ament_cmake: 1.3.12 (/opt/ros/humble/share/ament_cmake/cmake)
-- Found Python3: /usr/bin/python3 (found version "3.10.12") found components: Interpreter 
-- Found rclcpp: 16.0.17 (/opt/ros/humble/share/rclcpp/cmake)
-- Found rosidl_generator_c: 3.1.8 (/opt/ros/humble/share/rosidl_generator_c/cmake)
-- Found rosidl_adapter: 3.1.8 (/opt/ros/humble/share/rosidl_adapter/cmake)
-- Found rosidl_generator_cpp: 3.1.8 (/opt/ros/humble/share/rosidl_generator_cpp/cmake)
-- Using all available rosidl_typesupport_c: rosidl_typesupport_fastrtps_c;rosidl_typesupport_introspection_c
-- Using all available rosidl_typesupport_cpp: rosidl_typesupport_fastrtps_cpp;rosidl_typesupport_introspection_cpp
-- Found rmw_implementation_cmake: 6.1.2 (/opt/ros/humble/share/rmw_implementation_cmake/cmake)
-- Found rmw_fastrtps_cpp: 6.2.9 (/opt/ros/humble/share/rmw_fastrtps_cpp/cmake)
-- Found OpenSSL: /usr/lib/x86_64-linux-gnu/libcrypto.so (found version "3.0.2")  
-- Found FastRTPS: /opt/ros/humble/include  
-- Using RMW implementation 'rmw_fastrtps_cpp' as default
-- Looking for pthread.h
-- Looking for pthread.h - found
-- Performing Test CMAKE_HAVE_LIBC_PTHREAD
-- Performing Test CMAKE_HAVE_LIBC_PTHREAD - Success
-- Found Threads: TRUE  
-- Found sensor_msgs: 4.9.0 (/opt/ros/humble/share/sensor_msgs/cmake)
-- Found cv_bridge: 3.2.1 (/opt/ros/humble/share/cv_bridge/cmake)
-- Found image_transport: 3.1.12 (/opt/ros/humble/share/image_transport/cmake)
-- Found OpenCV: /usr (found version "4.5.4") 
-- Found ament_lint_auto: 0.12.14 (/opt/ros/humble/share/ament_lint_auto/cmake)
-- Added test 'cppcheck' to perform static code analysis on C / C++ code
-- Configured cppcheck include dirs: $<BUILD_INTERFACE:/home/zdk/ckyf/homework2026/cilent/include>
-- Configured cppcheck exclude dirs and/or files: 
-- Added test 'lint_cmake' to check CMake code style
-- Added test 'uncrustify' to check C / C++ code style
-- Configured uncrustify additional arguments: 
-- Added test 'xmllint' to check XML markup files
-- Configuring done
-- Generating done
-- Build files have been written to: /home/zdk/ckyf/homework2026/build/cilent
[ 37%] [32mBuilding CXX object CMakeFiles/kalman_filter.dir/src/kalman_filter.cpp.o[0m
[ 37%] [32mBuilding CXX object CMakeFiles/serial_sender.dir/src/serial_sender.cpp.o[0m
[ 37%] [32mBuilding CXX object CMakeFiles/image_processor.dir/src/image_processor.cpp.o[0m
[ 50%] [32m[1mLinking CXX static library libserial_sender.a[0m
[ 50%] Built target serial_sender
[ 62%] [32m[1mLinking CXX static library libkalman_filter.a[0m
[ 62%] Built target kalman_filter
[01m[K/home/zdk/ckyf/homework2026/cilent/src/image_processor.cpp:[m[K In member function ‘[01m[Kvirtual cv::Vec3d cilent::ImageProcessorNode::meanCenterColor(const cv::Mat&) const[m[K’:
[01m[K/home/zdk/ckyf/homework2026/cilent/src/image_processor.cpp:123:18:[m[K [01;31m[Kerror: [m[Kcould not convert ‘[01m[Kcv::mean(cv::InputArray, cv::InputArray)(cv::noArray().cv::_InputOutputArray::<anonymous>.cv::_OutputArray::<anonymous>)[m[K’ from ‘[01m[Kcv::Scalar[m[K’ {aka ‘[01m[Kcv::Scalar_<double>[m[K’} to ‘[01m[Kcv::Vec3d[m[K’ {aka ‘[01m[Kcv::Vec<double, 3>[m[K’}
  123 |   return [01;31m[Kcv::mean(center)[m[K;
      |          [01;31m[K~~~~~~~~^~~~~~~~[m[K
      |                  [01;31m[K|[m[K
      |                  [01;31m[Kcv::Scalar {aka cv::Scalar_<double>}[m[K
[01m[K/home/zdk/ckyf/homework2026/cilent/src/image_processor.cpp:[m[K In lambda function:
[01m[K/home/zdk/ckyf/homework2026/cilent/src/image_processor.cpp:173:35:[m[K [01;31m[Kerror: [m[K‘[01m[Kgreen_h_low_[m[K’ was not declared in this scope; did you mean ‘[01m[Kred_h_low1_[m[K’?
  173 |       cv::inRange(hsv, cv::Scalar([01;31m[Kgreen_h_low_[m[K, s_min, v_min),
      |                                   [01;31m[K^~~~~~~~~~~~[m[K
      |                                   [32m[Kred_h_low1_[m[K
[01m[K/home/zdk/ckyf/homework2026/cilent/src/image_processor.cpp:174:30:[m[K [01;31m[Kerror: [m[K‘[01m[Kgreen_h_high_[m[K’ was not declared in this scope; did you mean ‘[01m[Kred_h_high1_[m[K’?
  174 |                   cv::Scalar([01;31m[Kgreen_h_high_[m[K, 255, 255), mask);
      |                              [01;31m[K^~~~~~~~~~~~~[m[K
      |                              [32m[Kred_h_high1_[m[K
[01m[K/home/zdk/ckyf/homework2026/cilent/src/image_processor.cpp:[m[K At global scope:
[01m[K/home/zdk/ckyf/homework2026/cilent/src/image_processor.cpp:269:2:[m[K [01;31m[Kerror: [m[Kexpected ‘[01m[K}[m[K’ at end of input
  269 | }
      |  [01;31m[K^[m[K
[01m[K/home/zdk/ckyf/homework2026/cilent/src/image_processor.cpp:8:18:[m[K [01;36m[Knote: [m[Kto match this ‘[01m[K{[m[K’
    8 | namespace cilent [01;36m[K{[m[K
      |                  [01;36m[K^[m[K
gmake[2]: *** [CMakeFiles/image_processor.dir/build.make:76：CMakeFiles/image_processor.dir/src/image_processor.cpp.o] 错误 1
gmake[1]: *** [CMakeFiles/Makefile2:169：CMakeFiles/image_processor.dir/all] 错误 2
gmake: *** [Makefile:146：all] 错误 2
