[0.013s] Invoking command in '/home/zdk/ckyf/homework2026/build/cilent': CMAKE_PREFIX_PATH=/opt/ros/humble /usr/bin/cmake /home/zdk/ckyf/homework2026/cilent -DCMAKE_INSTALL_PREFIX=/home/zdk/ckyf/homework2026/install/cilent
[0.698s] -- The C compiler identification is GNU 11.4.0
[3.613s] -- The CXX compiler identification is GNU 11.4.0
[5.804s] -- Detecting C compiler ABI info
[6.343s] -- Detecting C compiler ABI info - done
[6.348s] -- Check for working C compiler: /usr/bin/cc - skipped
[6.351s] -- Detecting C compile features
[6.352s] -- Detecting C compile features - done
[6.355s] -- Detecting CXX compiler ABI info
[6.894s] -- Detecting CXX compiler ABI info - done
[6.899s] -- Check for working CXX compiler: /usr/bin/c++ - skipped
[6.899s] -- Detecting CXX compile features
[6.899s] -- Detecting CXX compile features - done
[6.931s] -- Found ament_cmake: 1.3.12 (/opt/ros/humble/share/ament_cmake/cmake)
[7.041s] -- Found Python3: /usr/bin/python3 (found version "3.10.12") found components: Interpreter 
[7.114s] -- Found rclcpp: 16.0.17 (/opt/ros/humble/share/rclcpp/cmake)
[7.947s] -- Found rosidl_generator_c: 3.1.8 (/opt/ros/humble/share/rosidl_generator_c/cmake)
[7.951s] -- Found rosidl_adapter: 3.1.8 (/opt/ros/humble/share/rosidl_adapter/cmake)
[7.958s] -- Found rosidl_generator_cpp: 3.1.8 (/opt/ros/humble/share/rosidl_generator_cpp/cmake)
[7.973s] -- Using all available rosidl_typesupport_c: rosidl_typesupport_fastrtps_c;rosidl_typesupport_introspection_c
[7.985s] -- Using all available rosidl_typesupport_cpp: rosidl_typesupport_fastrtps_cpp;rosidl_typesupport_introspection_cpp
[8.023s] -- Found rmw_implementation_cmake: 6.1.2 (/opt/ros/humble/share/rmw_implementation_cmake/cmake)
[8.025s] -- Found rmw_fastrtps_cpp: 6.2.9 (/opt/ros/humble/share/rmw_fastrtps_cpp/cmake)
[15.712s] -- Found OpenSSL: /usr/lib/x86_64-linux-gnu/libcrypto.so (found version "3.0.2")  
[24.432s] -- Found FastRTPS: /opt/ros/humble/include  
[40.370s] -- Using RMW implementation 'rmw_fastrtps_cpp' as default
[40.378s] -- Looking for pthread.h
[40.933s] -- Looking for pthread.h - found
[40.933s] -- Performing Test CMAKE_HAVE_LIBC_PTHREAD
[41.469s] -- Performing Test CMAKE_HAVE_LIBC_PTHREAD - Success
[41.469s] -- Found Threads: TRUE  
[41.516s] -- Found sensor_msgs: 4.9.0 (/opt/ros/humble/share/sensor_msgs/cmake)
[41.539s] -- Found cv_bridge: 3.2.1 (/opt/ros/humble/share/cv_bridge/cmake)
[41.552s] -- Found image_transport: 3.1.12 (/opt/ros/humble/share/image_transport/cmake)
[49.975s] -- Found OpenCV: /usr (found version "4.5.4") 
[49.983s] -- Found ament_lint_auto: 0.12.14 (/opt/ros/humble/share/ament_lint_auto/cmake)
[50.045s] -- Added test 'cppcheck' to perform static code analysis on C / C++ code
[50.046s] -- Configured cppcheck include dirs: $<BUILD_INTERFACE:/home/zdk/ckyf/homework2026/cilent/include>
[50.046s] -- Configured cppcheck exclude dirs and/or files: 
[50.046s] -- Added test 'lint_cmake' to check CMake code style
[50.047s] -- Added test 'uncrustify' to check C / C++ code style
[50.047s] -- Configured uncrustify additional arguments: 
[50.047s] -- Added test 'xmllint' to check XML markup files
[50.049s] -- Configuring done
[50.070s] -- Generating done
[50.077s] -- Build files have been written to: /home/zdk/ckyf/homework2026/build/cilent
[50.085s] Invoked command in '/home/zdk/ckyf/homework2026/build/cilent' returned '0': CMAKE_PREFIX_PATH=/opt/ros/humble /usr/bin/cmake /home/zdk/ckyf/homework2026/cilent -DCMAKE_INSTALL_PREFIX=/home/zdk/ckyf/homework2026/install/cilent
[50.087s] Invoking command in '/home/zdk/ckyf/homework2026/build/cilent': CMAKE_PREFIX_PATH=/opt/ros/humble /usr/bin/cmake --build /home/zdk/ckyf/homework2026/build/cilent -- -j32 -l32
[50.125s] [ 37%] [32mBuilding CXX object CMakeFiles/kalman_filter.dir/src/kalman_filter.cpp.o[0m
[50.125s] [ 37%] [32mBuilding CXX object CMakeFiles/serial_sender.dir/src/serial_sender.cpp.o[0m
[50.125s] [ 37%] [32mBuilding CXX object CMakeFiles/image_processor.dir/src/image_processor.cpp.o[0m
[50.406s] [ 50%] [32m[1mLinking CXX static library libserial_sender.a[0m
[50.435s] [ 50%] Built target serial_sender
[52.311s] [ 62%] [32m[1mLinking CXX static library libkalman_filter.a[0m
[52.346s] [ 62%] Built target kalman_filter
[52.491s] [01m[K/home/zdk/ckyf/homework2026/cilent/src/image_processor.cpp:[m[K In member function ‘[01m[Kvirtual cv::Vec3d cilent::ImageProcessorNode::meanCenterColor(const cv::Mat&) const[m[K’:
[52.491s] [01m[K/home/zdk/ckyf/homework2026/cilent/src/image_processor.cpp:123:18:[m[K [01;31m[Kerror: [m[Kcould not convert ‘[01m[Kcv::mean(cv::InputArray, cv::InputArray)(cv::noArray().cv::_InputOutputArray::<anonymous>.cv::_OutputArray::<anonymous>)[m[K’ from ‘[01m[Kcv::Scalar[m[K’ {aka ‘[01m[Kcv::Scalar_<double>[m[K’} to ‘[01m[Kcv::Vec3d[m[K’ {aka ‘[01m[Kcv::Vec<double, 3>[m[K’}
[52.491s]   123 |   return [01;31m[Kcv::mean(center)[m[K;
[52.491s]       |          [01;31m[K~~~~~~~~^~~~~~~~[m[K
[52.491s]       |                  [01;31m[K|[m[K
[52.491s]       |                  [01;31m[Kcv::Scalar {aka cv::Scalar_<double>}[m[K
[52.498s] [01m[K/home/zdk/ckyf/homework2026/cilent/src/image_processor.cpp:[m[K In lambda function:
[52.498s] [01m[K/home/zdk/ckyf/homework2026/cilent/src/image_processor.cpp:173:35:[m[K [01;31m[Kerror: [m[K‘[01m[Kgreen_h_low_[m[K’ was not declared in this scope; did you mean ‘[01m[Kred_h_low1_[m[K’?
[52.498s]   173 |       cv::inRange(hsv, cv::Scalar([01;31m[Kgreen_h_low_[m[K, s_min, v_min),
[52.498s]       |                                   [01;31m[K^~~~~~~~~~~~[m[K
[52.498s]       |                                   [32m[Kred_h_low1_[m[K
[52.505s] [01m[K/home/zdk/ckyf/homework2026/cilent/src/image_processor.cpp:174:30:[m[K [01;31m[Kerror: [m[K‘[01m[Kgreen_h_high_[m[K’ was not declared in this scope; did you mean ‘[01m[Kred_h_high1_[m[K’?
[52.505s]   174 |                   cv::Scalar([01;31m[Kgreen_h_high_[m[K, 255, 255), mask);
[52.505s]       |                              [01;31m[K^~~~~~~~~~~~~[m[K
[52.505s]       |                              [32m[Kred_h_high1_[m[K
[52.512s] [01m[K/home/zdk/ckyf/homework2026/cilent/src/image_processor.cpp:[m[K At global scope:
[52.513s] [01m[K/home/zdk/ckyf/homework2026/cilent/src/image_processor.cpp:269:2:[m[K [01;31m[Kerror: [m[Kexpected ‘[01m[K}[m[K’ at end of input
[52.513s]   269 | }
[52.513s]       |  [01;31m[K^[m[K
[52.513s] [01m[K/home/zdk/ckyf/homework2026/cilent/src/image_processor.cpp:8:18:[m[K [01;36m[Knote: [m[Kto match this ‘[01m[K{[m[K’
[52.513s]     8 | namespace cilent [01;36m[K{[m[K
[52.513s]       |                  [01;36m[K^[m[K
[54.102s] gmake[2]: *** [CMakeFiles/image_processor.dir/build.make:76：CMakeFiles/image_processor.dir/src/image_processor.cpp.o] 错误 1
[54.102s] gmake[1]: *** [CMakeFiles/Makefile2:169：CMakeFiles/image_processor.dir/all] 错误 2
[54.102s] gmake: *** [Makefile:146：all] 错误 2
[54.105s] Invoked command in '/home/zdk/ckyf/homework2026/build/cilent' returned '2': CMAKE_PREFIX_PATH=/opt/ros/humble /usr/bin/cmake --build /home/zdk/ckyf/homework2026/build/cilent -- -j32 -l32
