[0.007s] Invoking command in '/home/zdk/work/homework2026/build/cilent': CMAKE_PREFIX_PATH=/opt/ros/humble /usr/bin/cmake --build /home/zdk/work/homework2026/build/cilent -- -j32 -l32
[0.074s] [ 25%] Built target serial_sender
[0.078s] [ 50%] Built target kalman_filter
[0.080s] [ 62%] [32mBuilding CXX object CMakeFiles/image_processor.dir/src/image_processor.cpp.o[0m
[4.535s] [ 75%] [32m[1mLinking CXX static library libimage_processor.a[0m
[4.679s] [ 75%] Built target image_processor
[4.697s] [35m[1mConsolidate compiler generated dependencies of target cilent_main[0m
[4.719s] [ 87%] [32mBuilding CXX object CMakeFiles/cilent_main.dir/src/main.cpp.o[0m
[7.080s] [100%] [32m[1mLinking CXX executable cilent_main[0m
[7.508s] [100%] Built target cilent_main
[7.517s] Invoked command in '/home/zdk/work/homework2026/build/cilent' returned '0': CMAKE_PREFIX_PATH=/opt/ros/humble /usr/bin/cmake --build /home/zdk/work/homework2026/build/cilent -- -j32 -l32
[7.527s] Invoking command in '/home/zdk/work/homework2026/build/cilent': CMAKE_PREFIX_PATH=/opt/ros/humble /usr/bin/cmake --install /home/zdk/work/homework2026/build/cilent
[7.535s] -- Install configuration: ""
[7.536s] -- Up-to-date: /home/zdk/work/homework2026/install/cilent/lib/libkalman_filter.a
[7.536s] -- Up-to-date: /home/zdk/work/homework2026/install/cilent/include
[7.536s] -- Up-to-date: /home/zdk/work/homework2026/install/cilent/include/cilent
[7.536s] -- Installing: /home/zdk/work/homework2026/install/cilent/include/cilent/image_processor.h
[7.536s] -- Up-to-date: /home/zdk/work/homework2026/install/cilent/include/cilent/serial_sender.h
[7.536s] -- Up-to-date: /home/zdk/work/homework2026/install/cilent/include/cilent/kalman_filter.h
[7.536s] -- Up-to-date: /home/zdk/work/homework2026/install/cilent/share/cilent/environment/library_path.sh
[7.537s] -- Up-to-date: /home/zdk/work/homework2026/install/cilent/share/cilent/environment/library_path.dsv
[7.537s] -- Installing: /home/zdk/work/homework2026/install/cilent/lib/libimage_processor.a
[7.546s] -- Up-to-date: /home/zdk/work/homework2026/install/cilent/lib/libserial_sender.a
[7.546s] -- Installing: /home/zdk/work/homework2026/install/cilent/lib/cilent/cilent_main
[7.551s] -- Set runtime path of "/home/zdk/work/homework2026/install/cilent/lib/cilent/cilent_main" to ""
[7.551s] -- Up-to-date: /home/zdk/work/homework2026/install/cilent/share/ament_index/resource_index/package_run_dependencies/cilent
[7.551s] -- Up-to-date: /home/zdk/work/homework2026/install/cilent/share/ament_index/resource_index/parent_prefix_path/cilent
[7.552s] -- Up-to-date: /home/zdk/work/homework2026/install/cilent/share/cilent/environment/ament_prefix_path.sh
[7.552s] -- Up-to-date: /home/zdk/work/homework2026/install/cilent/share/cilent/environment/ament_prefix_path.dsv
[7.552s] -- Up-to-date: /home/zdk/work/homework2026/install/cilent/share/cilent/environment/path.sh
[7.552s] -- Up-to-date: /home/zdk/work/homework2026/install/cilent/share/cilent/environment/path.dsv
[7.552s] -- Up-to-date: /home/zdk/work/homework2026/install/cilent/share/cilent/local_setup.bash
[7.552s] -- Up-to-date: /home/zdk/work/homework2026/install/cilent/share/cilent/local_setup.sh
[7.552s] -- Up-to-date: /home/zdk/work/homework2026/install/cilent/share/cilent/local_setup.zsh
[7.552s] -- Up-to-date: /home/zdk/work/homework2026/install/cilent/share/cilent/local_setup.dsv
[7.553s] -- Installing: /home/zdk/work/homework2026/install/cilent/share/cilent/package.dsv
[7.553s] -- Up-to-date: /home/zdk/work/homework2026/install/cilent/share/ament_index/resource_index/packages/cilent
[7.553s] -- Up-to-date: /home/zdk/work/homework2026/install/cilent/share/cilent/cmake/export_cilentExport.cmake
[7.553s] -- Up-to-date: /home/zdk/work/homework2026/install/cilent/share/cilent/cmake/export_cilentExport-noconfig.cmake
[7.553s] -- Up-to-date: /home/zdk/work/homework2026/install/cilent/share/cilent/cmake/ament_cmake_export_targets-extras.cmake
[7.554s] -- Up-to-date: /home/zdk/work/homework2026/install/cilent/share/cilent/cmake/ament_cmake_export_dependencies-extras.cmake
[7.554s] -- Up-to-date: /home/zdk/work/homework2026/install/cilent/share/cilent/cmake/cilentConfig.cmake
[7.554s] -- Up-to-date: /home/zdk/work/homework2026/install/cilent/share/cilent/cmake/cilentConfig-version.cmake
[7.554s] -- Up-to-date: /home/zdk/work/homework2026/install/cilent/share/cilent/package.xml
[7.555s] Invoked command in '/home/zdk/work/homework2026/build/cilent' returned '0': CMAKE_PREFIX_PATH=/opt/ros/humble /usr/bin/cmake --install /home/zdk/work/homework2026/build/cilent
