[0.005s] Invoking command in '/home/zdk/work/homework2026/build/cilent': CMAKE_PREFIX_PATH=/opt/ros/humble /usr/bin/cmake /home/zdk/work/homework2026/cilent -DCMAKE_INSTALL_PREFIX=/home/zdk/work/homework2026/install/cilent
[0.040s] -- The C compiler identification is GNU 11.4.0
[0.072s] -- The CXX compiler identification is GNU 11.4.0
[0.075s] -- Detecting C compiler ABI info
[0.117s] -- Detecting C compiler ABI info - done
[0.121s] -- Check for working C compiler: /usr/bin/cc - skipped
[0.122s] -- Detecting C compile features
[0.122s] -- Detecting C compile features - done
[0.123s] -- Detecting CXX compiler ABI info
[0.173s] -- Detecting CXX compiler ABI info - done
[0.176s] -- Check for working CXX compiler: /usr/bin/c++ - skipped
[0.176s] -- Detecting CXX compile features
[0.176s] -- Detecting CXX compile features - done
[0.177s] -- Found ament_cmake: 1.3.12 (/opt/ros/humble/share/ament_cmake/cmake)
[0.254s] -- Found Python3: /usr/bin/python3 (found version "3.10.12") found components: Interpreter 
[0.309s] -- Found rclcpp: 16.0.17 (/opt/ros/humble/share/rclcpp/cmake)
[0.326s] -- Found rosidl_generator_c: 3.1.8 (/opt/ros/humble/share/rosidl_generator_c/cmake)
[0.328s] -- Found rosidl_adapter: 3.1.8 (/opt/ros/humble/share/rosidl_adapter/cmake)
[0.333s] -- Found rosidl_generator_cpp: 3.1.8 (/opt/ros/humble/share/rosidl_generator_cpp/cmake)
[0.339s] -- Using all available rosidl_typesupport_c: rosidl_typesupport_fastrtps_c;rosidl_typesupport_introspection_c
[0.346s] -- Using all available rosidl_typesupport_cpp: rosidl_typesupport_fastrtps_cpp;rosidl_typesupport_introspection_cpp
[0.365s] -- Found rmw_implementation_cmake: 6.1.2 (/opt/ros/humble/share/rmw_implementation_cmake/cmake)
[0.366s] -- Found rmw_fastrtps_cpp: 6.2.9 (/opt/ros/humble/share/rmw_fastrtps_cpp/cmake)
[0.415s] -- Found OpenSSL: /usr/lib/x86_64-linux-gnu/libcrypto.so (found version "3.0.2")  
[0.428s] -- Found FastRTPS: /opt/ros/humble/include  
[0.449s] -- Using RMW implementation 'rmw_fastrtps_cpp' as default
[0.452s] -- Looking for pthread.h
[0.501s] -- Looking for pthread.h - found
[0.501s] -- Performing Test CMAKE_HAVE_LIBC_PTHREAD
[0.544s] -- Performing Test CMAKE_HAVE_LIBC_PTHREAD - Success
[0.545s] -- Found Threads: TRUE  
[0.578s] -- Found sensor_msgs: 4.9.0 (/opt/ros/humble/share/sensor_msgs/cmake)
[0.594s] -- Found cv_bridge: 3.2.1 (/opt/ros/humble/share/cv_bridge/cmake)
[0.600s] -- Found image_transport: 3.1.12 (/opt/ros/humble/share/image_transport/cmake)
[0.616s] -- Found ament_lint_auto: 0.12.14 (/opt/ros/humble/share/ament_lint_auto/cmake)
[0.650s] -- Added test 'cppcheck' to perform static code analysis on C / C++ code
[0.650s] -- Configured cppcheck include dirs: $<BUILD_INTERFACE:/home/zdk/work/homework2026/cilent/include>
[0.651s] -- Configured cppcheck exclude dirs and/or files: 
[0.651s] -- Added test 'lint_cmake' to check CMake code style
[0.651s] -- Added test 'uncrustify' to check C / C++ code style
[0.651s] -- Configured uncrustify additional arguments: 
[0.651s] -- Added test 'xmllint' to check XML markup files
[0.652s] -- Configuring done
[0.659s] -- Generating done
[0.661s] -- Build files have been written to: /home/zdk/work/homework2026/build/cilent
[0.666s] Invoked command in '/home/zdk/work/homework2026/build/cilent' returned '0': CMAKE_PREFIX_PATH=/opt/ros/humble /usr/bin/cmake /home/zdk/work/homework2026/cilent -DCMAKE_INSTALL_PREFIX=/home/zdk/work/homework2026/install/cilent
[0.668s] Invoking command in '/home/zdk/work/homework2026/build/cilent': CMAKE_PREFIX_PATH=/opt/ros/humble /usr/bin/cmake --build /home/zdk/work/homework2026/build/cilent -- -j32 -l32
[0.697s] [ 12%] [32mBuilding CXX object CMakeFiles/kalman_filter.dir/src/kalman_filter.cpp.o[0m
[0.698s] [ 25%] [32mBuilding CXX object CMakeFiles/image_processor.dir/src/image_processor.cpp.o[0m
[0.698s] [ 37%] [32mBuilding CXX object CMakeFiles/serial_sender.dir/src/serial_sender.cpp.o[0m
[0.859s] [ 50%] [32m[1mLinking CXX static library libserial_sender.a[0m
[0.878s] [ 50%] Built target serial_sender
[1.878s] [ 62%] [32m[1mLinking CXX static library libkalman_filter.a[0m
[1.912s] [ 62%] Built target kalman_filter
[4.684s] [ 75%] [32m[1mLinking CXX static library libimage_processor.a[0m
[4.752s] [ 75%] Built target image_processor
[4.767s] [ 87%] [32mBuilding CXX object CMakeFiles/cilent_main.dir/src/main.cpp.o[0m
[6.618s] [100%] [32m[1mLinking CXX executable cilent_main[0m
[6.931s] [100%] Built target cilent_main
[6.939s] Invoked command in '/home/zdk/work/homework2026/build/cilent' returned '0': CMAKE_PREFIX_PATH=/opt/ros/humble /usr/bin/cmake --build /home/zdk/work/homework2026/build/cilent -- -j32 -l32
[6.945s] Invoking command in '/home/zdk/work/homework2026/build/cilent': CMAKE_PREFIX_PATH=/opt/ros/humble /usr/bin/cmake --install /home/zdk/work/homework2026/build/cilent
[6.950s] -- Install configuration: ""
[6.950s] -- Installing: /home/zdk/work/homework2026/install/cilent/lib/libkalman_filter.a
[6.951s] -- Installing: /home/zdk/work/homework2026/install/cilent/include
[6.951s] -- Installing: /home/zdk/work/homework2026/install/cilent/include/cilent
[6.951s] -- Installing: /home/zdk/work/homework2026/install/cilent/include/cilent/image_processor.h
[6.951s] -- Installing: /home/zdk/work/homework2026/install/cilent/include/cilent/serial_sender.h
[6.951s] -- Installing: /home/zdk/work/homework2026/install/cilent/include/cilent/kalman_filter.h
[6.951s] -- Installing: /home/zdk/work/homework2026/install/cilent/share/cilent/environment/library_path.sh
[6.951s] -- Installing: /home/zdk/work/homework2026/install/cilent/share/cilent/environment/library_path.dsv
[6.951s] -- Installing: /home/zdk/work/homework2026/install/cilent/lib/libimage_processor.a
[6.954s] -- Installing: /home/zdk/work/homework2026/install/cilent/lib/libserial_sender.a
[6.954s] -- Installing: /home/zdk/work/homework2026/install/cilent/lib/cilent/cilent_main
[6.956s] -- Set runtime path of "/home/zdk/work/homework2026/install/cilent/lib/cilent/cilent_main" to ""
[6.956s] -- Installing: /home/zdk/work/homework2026/install/cilent/share/ament_index/resource_index/package_run_dependencies/cilent
[6.956s] -- Installing: /home/zdk/work/homework2026/install/cilent/share/ament_index/resource_index/parent_prefix_path/cilent
[6.956s] -- Installing: /home/zdk/work/homework2026/install/cilent/share/cilent/environment/ament_prefix_path.sh
[6.956s] -- Installing: /home/zdk/work/homework2026/install/cilent/share/cilent/environment/ament_prefix_path.dsv
[6.956s] -- Installing: /home/zdk/work/homework2026/install/cilent/share/cilent/environment/path.sh
[6.956s] -- Installing: /home/zdk/work/homework2026/install/cilent/share/cilent/environment/path.dsv
[6.956s] -- Installing: /home/zdk/work/homework2026/install/cilent/share/cilent/local_setup.bash
[6.956s] -- Installing: /home/zdk/work/homework2026/install/cilent/share/cilent/local_setup.sh
[6.956s] -- Installing: /home/zdk/work/homework2026/install/cilent/share/cilent/local_setup.zsh
[6.956s] -- Installing: /home/zdk/work/homework2026/install/cilent/share/cilent/local_setup.dsv
[6.957s] -- Installing: /home/zdk/work/homework2026/install/cilent/share/cilent/package.dsv
[6.957s] -- Installing: /home/zdk/work/homework2026/install/cilent/share/ament_index/resource_index/packages/cilent
[6.957s] -- Installing: /home/zdk/work/homework2026/install/cilent/share/cilent/cmake/export_cilentExport.cmake
[6.957s] -- Installing: /home/zdk/work/homework2026/install/cilent/share/cilent/cmake/export_cilentExport-noconfig.cmake
[6.957s] -- Installing: /home/zdk/work/homework2026/install/cilent/share/cilent/cmake/ament_cmake_export_targets-extras.cmake
[6.957s] -- Installing: /home/zdk/work/homework2026/install/cilent/share/cilent/cmake/ament_cmake_export_dependencies-extras.cmake
[6.957s] -- Installing: /home/zdk/work/homework2026/install/cilent/share/cilent/cmake/cilentConfig.cmake
[6.957s] -- Installing: /home/zdk/work/homework2026/install/cilent/share/cilent/cmake/cilentConfig-version.cmake
[6.957s] -- Installing: /home/zdk/work/homework2026/install/cilent/share/cilent/package.xml
[6.958s] Invoked command in '/home/zdk/work/homework2026/build/cilent' returned '0': CMAKE_PREFIX_PATH=/opt/ros/humble /usr/bin/cmake --install /home/zdk/work/homework2026/build/cilent
