[0.011s] Invoking command in '/home/zdk/ckyf/homework2026/build/cilent': CMAKE_PREFIX_PATH=/opt/ros/humble /usr/bin/cmake --build /home/zdk/ckyf/homework2026/build/cilent -- -j32 -l32
[0.046s] [35m[1mConsolidate compiler generated dependencies of target image_processor[0m
[0.055s] [ 50%] Built target serial_sender
[0.055s] [ 50%] Built target kalman_filter
[0.061s] [ 62%] [32mBuilding CXX object CMakeFiles/image_processor.dir/src/image_processor.cpp.o[0m
[7.036s] [ 75%] [32m[1mLinking CXX static library libimage_processor.a[0m
[7.130s] [ 75%] Built target image_processor
[7.140s] [35m[1mConsolidate compiler generated dependencies of target cilent_main[0m
[7.156s] [ 87%] [32m[1mLinking CXX executable cilent_main[0m
[8.278s] [100%] Built target cilent_main
[8.289s] Invoked command in '/home/zdk/ckyf/homework2026/build/cilent' returned '0': CMAKE_PREFIX_PATH=/opt/ros/humble /usr/bin/cmake --build /home/zdk/ckyf/homework2026/build/cilent -- -j32 -l32
[8.297s] Invoking command in '/home/zdk/ckyf/homework2026/build/cilent': CMAKE_PREFIX_PATH=/opt/ros/humble /usr/bin/cmake --install /home/zdk/ckyf/homework2026/build/cilent
[8.301s] -- Install configuration: ""
[8.301s] -- Up-to-date: /home/zdk/ckyf/homework2026/install/cilent/lib/libkalman_filter.a
[8.301s] -- Up-to-date: /home/zdk/ckyf/homework2026/install/cilent/include
[8.302s] -- Up-to-date: /home/zdk/ckyf/homework2026/install/cilent/include/cilent
[8.302s] -- Up-to-date: /home/zdk/ckyf/homework2026/install/cilent/include/cilent/serial_sender.h
[8.302s] -- Up-to-date: /home/zdk/ckyf/homework2026/install/cilent/include/cilent/kalman_filter.h
[8.302s] -- Up-to-date: /home/zdk/ckyf/homework2026/install/cilent/include/cilent/image_processor.h
[8.302s] -- Up-to-date: /home/zdk/ckyf/homework2026/install/cilent/share/cilent/environment/library_path.sh
[8.302s] -- Up-to-date: /home/zdk/ckyf/homework2026/install/cilent/share/cilent/environment/library_path.dsv
[8.302s] -- Installing: /home/zdk/ckyf/homework2026/install/cilent/lib/libimage_processor.a
[8.319s] -- Up-to-date: /home/zdk/ckyf/homework2026/install/cilent/lib/libserial_sender.a
[8.320s] -- Installing: /home/zdk/ckyf/homework2026/install/cilent/lib/cilent/cilent_main
[8.324s] -- Set runtime path of "/home/zdk/ckyf/homework2026/install/cilent/lib/cilent/cilent_main" to ""
[8.325s] -- Up-to-date: /home/zdk/ckyf/homework2026/install/cilent/share/ament_index/resource_index/package_run_dependencies/cilent
[8.325s] -- Up-to-date: /home/zdk/ckyf/homework2026/install/cilent/share/ament_index/resource_index/parent_prefix_path/cilent
[8.325s] -- Up-to-date: /home/zdk/ckyf/homework2026/install/cilent/share/cilent/environment/ament_prefix_path.sh
[8.325s] -- Up-to-date: /home/zdk/ckyf/homework2026/install/cilent/share/cilent/environment/ament_prefix_path.dsv
[8.325s] -- Up-to-date: /home/zdk/ckyf/homework2026/install/cilent/share/cilent/environment/path.sh
[8.325s] -- Up-to-date: /home/zdk/ckyf/homework2026/install/cilent/share/cilent/environment/path.dsv
[8.325s] -- Up-to-date: /home/zdk/ckyf/homework2026/install/cilent/share/cilent/local_setup.bash
[8.325s] -- Up-to-date: /home/zdk/ckyf/homework2026/install/cilent/share/cilent/local_setup.sh
[8.325s] -- Up-to-date: /home/zdk/ckyf/homework2026/install/cilent/share/cilent/local_setup.zsh
[8.326s] -- Up-to-date: /home/zdk/ckyf/homework2026/install/cilent/share/cilent/local_setup.dsv
[8.326s] -- Installing: /home/zdk/ckyf/homework2026/install/cilent/share/cilent/package.dsv
[8.326s] -- Up-to-date: /home/zdk/ckyf/homework2026/install/cilent/share/ament_index/resource_index/packages/cilent
[8.326s] -- Up-to-date: /home/zdk/ckyf/homework2026/install/cilent/share/cilent/cmake/export_cilentExport.cmake
[8.326s] -- Up-to-date: /home/zdk/ckyf/homework2026/install/cilent/share/cilent/cmake/export_cilentExport-noconfig.cmake
[8.326s] -- Up-to-date: /home/zdk/ckyf/homework2026/install/cilent/share/cilent/cmake/ament_cmake_export_targets-extras.cmake
[8.326s] -- Up-to-date: /home/zdk/ckyf/homework2026/install/cilent/share/cilent/cmake/ament_cmake_export_dependencies-extras.cmake
[8.326s] -- Up-to-date: /home/zdk/ckyf/homework2026/install/cilent/share/cilent/cmake/cilentConfig.cmake
[8.326s] -- Up-to-date: /home/zdk/ckyf/homework2026/install/cilent/share/cilent/cmake/cilentConfig-version.cmake
[8.326s] -- Up-to-date: /home/zdk/ckyf/homework2026/install/cilent/share/cilent/package.xml
[8.327s] Invoked command in '/home/zdk/ckyf/homework2026/build/cilent' returned '0': CMAKE_PREFIX_PATH=/opt/ros/humble /usr/bin/cmake --install /home/zdk/ckyf/homework2026/build/cilent
