-- Found ament_cmake: 1.3.12 (/opt/ros/humble/share/ament_cmake/cmake)
-- Found rclcpp: 16.0.17 (/opt/ros/humble/share/rclcpp/cmake)
-- Found rosidl_generator_c: 3.1.8 (/opt/ros/humble/share/rosidl_generator_c/cmake)
-- Found rosidl_adapter: 3.1.8 (/opt/ros/humble/share/rosidl_adapter/cmake)
-- Found rosidl_generator_cpp: 3.1.8 (/opt/ros/humble/share/rosidl_generator_cpp/cmake)
-- Using all available rosidl_typesupport_c: rosidl_typesupport_fastrtps_c;rosidl_typesupport_introspection_c
-- Using all available rosidl_typesupport_cpp: rosidl_typesupport_fastrtps_cpp;rosidl_typesupport_introspection_cpp
-- Found rmw_implementation_cmake: 6.1.2 (/opt/ros/humble/share/rmw_implementation_cmake/cmake)
-- Found rmw_fastrtps_cpp: 6.2.9 (/opt/ros/humble/share/rmw_fastrtps_cpp/cmake)
-- Using RMW implementation 'rmw_fastrtps_cpp' as default
-- Found sensor_msgs: 4.9.0 (/opt/ros/humble/share/sensor_msgs/cmake)
-- Found cv_bridge: 3.2.1 (/opt/ros/humble/share/cv_bridge/cmake)
-- Found image_transport: 3.1.12 (/opt/ros/humble/share/image_transport/cmake)
-- Found ament_lint_auto: 0.12.14 (/opt/ros/humble/share/ament_lint_auto/cmake)
-- Added test 'cppcheck' to perform static code analysis on C / C++ code
-- Configured cppcheck include dirs: $<BUILD_INTERFACE:/home/zdk/ckyf/homework2026/cilent/include>
-- Configured cppcheck exclude dirs and/or files: 
-- Added test 'lint_cmake' to check CMake code style
-- Added test 'uncrustify' to check C / C++ code style
-- Configured uncrustify additional arguments: 
-- Added test 'xmllint' to check XML markup files
-- Configuring done
-- Generating done
-- Build files have been written to: /home/zdk/ckyf/homework2026/build/cilent
[35m[1mConsolidate compiler generated dependencies of target kalman_filter[0m
[35m[1mConsolidate compiler generated dependencies of target image_processor[0m
[35m[1mConsolidate compiler generated dependencies of target serial_sender[0m
[ 25%] Built target serial_sender
[ 75%] Built target image_processor
[ 75%] Built target kalman_filter
[ 87%] [32mBuilding CXX object CMakeFiles/cilent_main.dir/src/main.cpp.o[0m
[100%] [32m[1mLinking CXX executable cilent_main[0m
/usr/bin/ld: CMakeFiles/cilent_main.dir/src/main.cpp.o: in function `cilent::AutoAimNode::AutoAimNode(rclcpp::NodeOptions const&)':
main.cpp:(.text._ZN6cilent11AutoAimNodeC2ERKN6rclcpp11NodeOptionsE[_ZN6cilent11AutoAimNodeC5ERKN6rclcpp11NodeOptionsE]+0x80d): undefined reference to `cilent::KalmanFilterCV2D::KalmanFilterCV2D(double, double, double)'
/usr/bin/ld: CMakeFiles/cilent_main.dir/src/main.cpp.o: in function `cilent::AutoAimNode::onImage(std::shared_ptr<sensor_msgs::msg::Image_<std::allocator<void> > >)':
main.cpp:(.text._ZN6cilent11AutoAimNode7onImageESt10shared_ptrIN11sensor_msgs3msg6Image_ISaIvEEEE[_ZN6cilent11AutoAimNode7onImageESt10shared_ptrIN11sensor_msgs3msg6Image_ISaIvEEEE]+0xb13): undefined reference to `cilent::KalmanFilterCV2D::reset(double, double, double, double)'
/usr/bin/ld: main.cpp:(.text._ZN6cilent11AutoAimNode7onImageESt10shared_ptrIN11sensor_msgs3msg6Image_ISaIvEEEE[_ZN6cilent11AutoAimNode7onImageESt10shared_ptrIN11sensor_msgs3msg6Image_ISaIvEEEE]+0xbcb): undefined reference to `cilent::KalmanFilterCV2D::setDeltaT(double)'
/usr/bin/ld: main.cpp:(.text._ZN6cilent11AutoAimNode7onImageESt10shared_ptrIN11sensor_msgs3msg6Image_ISaIvEEEE[_ZN6cilent11AutoAimNode7onImageESt10shared_ptrIN11sensor_msgs3msg6Image_ISaIvEEEE]+0xbf4): undefined reference to `cilent::KalmanFilterCV2D::setProcessNoise(double)'
/usr/bin/ld: main.cpp:(.text._ZN6cilent11AutoAimNode7onImageESt10shared_ptrIN11sensor_msgs3msg6Image_ISaIvEEEE[_ZN6cilent11AutoAimNode7onImageESt10shared_ptrIN11sensor_msgs3msg6Image_ISaIvEEEE]+0xc1d): undefined reference to `cilent::KalmanFilterCV2D::setMeasurementNoise(double)'
/usr/bin/ld: main.cpp:(.text._ZN6cilent11AutoAimNode7onImageESt10shared_ptrIN11sensor_msgs3msg6Image_ISaIvEEEE[_ZN6cilent11AutoAimNode7onImageESt10shared_ptrIN11sensor_msgs3msg6Image_ISaIvEEEE]+0xc32): undefined reference to `cilent::KalmanFilterCV2D::predict()'
/usr/bin/ld: main.cpp:(.text._ZN6cilent11AutoAimNode7onImageESt10shared_ptrIN11sensor_msgs3msg6Image_ISaIvEEEE[_ZN6cilent11AutoAimNode7onImageESt10shared_ptrIN11sensor_msgs3msg6Image_ISaIvEEEE]+0xc6e): undefined reference to `cilent::KalmanFilterCV2D::update(double, double)'
/usr/bin/ld: main.cpp:(.text._ZN6cilent11AutoAimNode7onImageESt10shared_ptrIN11sensor_msgs3msg6Image_ISaIvEEEE[_ZN6cilent11AutoAimNode7onImageESt10shared_ptrIN11sensor_msgs3msg6Image_ISaIvEEEE]+0xcc1): undefined reference to `cilent::KalmanFilterCV2D::predictAhead(double) const'
collect2: error: ld returned 1 exit status
gmake[2]: *** [CMakeFiles/cilent_main.dir/build.make:234：cilent_main] 错误 1
gmake[1]: *** [CMakeFiles/Makefile2:222：CMakeFiles/cilent_main.dir/all] 错误 2
gmake: *** [Makefile:146：all] 错误 2
