[0.005s] Invoking command in '/home/zdk/work/homework2026/build/cilent': CMAKE_PREFIX_PATH=/opt/ros/humble /usr/bin/cmake /home/zdk/work/homework2026/cilent -DCMAKE_INSTALL_PREFIX=/home/zdk/work/homework2026/install/cilent
[0.040s] -- The C compiler identification is GNU 11.4.0
[0.071s] -- The CXX compiler identification is GNU 11.4.0
[0.075s] -- Detecting C compiler ABI info
[0.115s] -- Detecting C compiler ABI info - done
[0.119s] -- Check for working C compiler: /usr/bin/cc - skipped
[0.120s] -- Detecting C compile features
[0.120s] -- Detecting C compile features - done
[0.121s] -- Detecting CXX compiler ABI info
[0.166s] -- Detecting CXX compiler ABI info - done
[0.170s] -- Check for working CXX compiler: /usr/bin/c++ - skipped
[0.170s] -- Detecting CXX compile features
[0.170s] -- Detecting CXX compile features - done
[0.171s] -- Found ament_cmake: 1.3.12 (/opt/ros/humble/share/ament_cmake/cmake)
[0.245s] -- Found Python3: /usr/bin/python3 (found version "3.10.12") found components: Interpreter 
[0.289s] -- Found rclcpp: 16.0.17 (/opt/ros/humble/share/rclcpp/cmake)
[0.306s] -- Found rosidl_generator_c: 3.1.8 (/opt/ros/humble/share/rosidl_generator_c/cmake)
[0.308s] -- Found rosidl_adapter: 3.1.8 (/opt/ros/humble/share/rosidl_adapter/cmake)
[0.312s] -- Found rosidl_generator_cpp: 3.1.8 (/opt/ros/humble/share/rosidl_generator_cpp/cmake)
[0.317s] -- Using all available rosidl_typesupport_c: rosidl_typesupport_fastrtps_c;rosidl_typesupport_introspection_c
[0.324s] -- Using all available rosidl_typesupport_cpp: rosidl_typesupport_fastrtps_cpp;rosidl_typesupport_introspection_cpp
[0.343s] -- Found rmw_implementation_cmake: 6.1.2 (/opt/ros/humble/share/rmw_implementation_cmake/cmake)
[0.343s] -- Found rmw_fastrtps_cpp: 6.2.9 (/opt/ros/humble/share/rmw_fastrtps_cpp/cmake)
[0.392s] -- Found OpenSSL: /usr/lib/x86_64-linux-gnu/libcrypto.so (found version "3.0.2")  
[0.405s] -- Found FastRTPS: /opt/ros/humble/include  
[0.426s] -- Using RMW implementation 'rmw_fastrtps_cpp' as default
[0.429s] -- Looking for pthread.h
[0.474s] -- Looking for pthread.h - found
[0.474s] -- Performing Test CMAKE_HAVE_LIBC_PTHREAD
[0.517s] -- Performing Test CMAKE_HAVE_LIBC_PTHREAD - Success
[0.518s] -- Found Threads: TRUE  
[0.542s] -- Found sensor_msgs: 4.9.0 (/opt/ros/humble/share/sensor_msgs/cmake)
[0.556s] -- Found cv_bridge: 3.2.1 (/opt/ros/humble/share/cv_bridge/cmake)
[0.561s] -- Found image_transport: 3.1.12 (/opt/ros/humble/share/image_transport/cmake)
[0.574s] [31mCMake Error at CMakeLists.txt:60 (target_link_libraries):
[0.574s]   The plain signature for target_link_libraries has already been used with
[0.574s]   the target "image_processor".  All uses of target_link_libraries with a
[0.574s]   target must be either all-keyword or all-plain.
[0.574s] 
[0.575s]   The uses of the plain signature are here:
[0.575s] 
[0.575s]    * /opt/ros/humble/share/ament_cmake_target_dependencies/cmake/ament_target_dependencies.cmake:145 (target_link_libraries)
[0.575s] 
[0.575s] 
[0.575s] [0m
[0.575s] -- Found ament_lint_auto: 0.12.14 (/opt/ros/humble/share/ament_lint_auto/cmake)
[0.612s] -- Added test 'cppcheck' to perform static code analysis on C / C++ code
[0.612s] -- Configured cppcheck include dirs: $<BUILD_INTERFACE:/home/zdk/work/homework2026/cilent/include>
[0.612s] -- Configured cppcheck exclude dirs and/or files: 
[0.613s] -- Added test 'lint_cmake' to check CMake code style
[0.613s] -- Added test 'uncrustify' to check C / C++ code style
[0.613s] -- Configured uncrustify additional arguments: 
[0.613s] -- Added test 'xmllint' to check XML markup files
[0.614s] -- Configuring incomplete, errors occurred!
[0.614s] See also "/home/zdk/work/homework2026/build/cilent/CMakeFiles/CMakeOutput.log".
[0.619s] Invoked command in '/home/zdk/work/homework2026/build/cilent' returned '1': CMAKE_PREFIX_PATH=/opt/ros/humble /usr/bin/cmake /home/zdk/work/homework2026/cilent -DCMAKE_INSTALL_PREFIX=/home/zdk/work/homework2026/install/cilent
