[0.010s] Invoking command in '/home/zdk/ckyf/homework2026/build/cilent': CMAKE_PREFIX_PATH=/opt/ros/humble /usr/bin/cmake --build /home/zdk/ckyf/homework2026/build/cilent -- -j32 -l32
[0.025s] -- Found ament_cmake: 1.3.12 (/opt/ros/humble/share/ament_cmake/cmake)
[0.107s] -- Found rclcpp: 16.0.17 (/opt/ros/humble/share/rclcpp/cmake)
[0.895s] -- Found rosidl_generator_c: 3.1.8 (/opt/ros/humble/share/rosidl_generator_c/cmake)
[0.896s] -- Found rosidl_adapter: 3.1.8 (/opt/ros/humble/share/rosidl_adapter/cmake)
[0.900s] -- Found rosidl_generator_cpp: 3.1.8 (/opt/ros/humble/share/rosidl_generator_cpp/cmake)
[0.905s] -- Using all available rosidl_typesupport_c: rosidl_typesupport_fastrtps_c;rosidl_typesupport_introspection_c
[0.913s] -- Using all available rosidl_typesupport_cpp: rosidl_typesupport_fastrtps_cpp;rosidl_typesupport_introspection_cpp
[0.931s] -- Found rmw_implementation_cmake: 6.1.2 (/opt/ros/humble/share/rmw_implementation_cmake/cmake)
[0.932s] -- Found rmw_fastrtps_cpp: 6.2.9 (/opt/ros/humble/share/rmw_fastrtps_cpp/cmake)
[35.750s] -- Using RMW implementation 'rmw_fastrtps_cpp' as default
[35.781s] -- Found sensor_msgs: 4.9.0 (/opt/ros/humble/share/sensor_msgs/cmake)
[35.799s] -- Found cv_bridge: 3.2.1 (/opt/ros/humble/share/cv_bridge/cmake)
[35.805s] -- Found image_transport: 3.1.12 (/opt/ros/humble/share/image_transport/cmake)
[43.658s] -- Found ament_lint_auto: 0.12.14 (/opt/ros/humble/share/ament_lint_auto/cmake)
[43.702s] -- Added test 'cppcheck' to perform static code analysis on C / C++ code
[43.702s] -- Configured cppcheck include dirs: $<BUILD_INTERFACE:/home/zdk/ckyf/homework2026/cilent/include>
[43.702s] -- Configured cppcheck exclude dirs and/or files: 
[43.703s] -- Added test 'lint_cmake' to check CMake code style
[43.703s] -- Added test 'uncrustify' to check C / C++ code style
[43.703s] -- Configured uncrustify additional arguments: 
[43.703s] -- Added test 'xmllint' to check XML markup files
[43.704s] -- Configuring done
[43.720s] -- Generating done
[43.725s] -- Build files have been written to: /home/zdk/ckyf/homework2026/build/cilent
[43.742s] [35m[1mConsolidate compiler generated dependencies of target serial_sender[0m
[43.742s] [35m[1mConsolidate compiler generated dependencies of target kalman_filter[0m
[43.742s] [35m[1mConsolidate compiler generated dependencies of target image_processor[0m
[43.751s] [ 25%] Built target serial_sender
[43.753s] [ 50%] Built target kalman_filter
[43.754s] [ 75%] Built target image_processor
[43.761s] [35m[1mConsolidate compiler generated dependencies of target cilent_main[0m
[43.773s] [ 87%] [32m[1mLinking CXX executable cilent_main[0m
[44.779s] [100%] Built target cilent_main
[44.785s] Invoked command in '/home/zdk/ckyf/homework2026/build/cilent' returned '0': CMAKE_PREFIX_PATH=/opt/ros/humble /usr/bin/cmake --build /home/zdk/ckyf/homework2026/build/cilent -- -j32 -l32
[44.793s] Invoking command in '/home/zdk/ckyf/homework2026/build/cilent': CMAKE_PREFIX_PATH=/opt/ros/humble /usr/bin/cmake --install /home/zdk/ckyf/homework2026/build/cilent
[44.797s] -- Install configuration: ""
[44.797s] -- Installing: /home/zdk/ckyf/homework2026/install/cilent/lib/libkalman_filter.a
[44.799s] -- Installing: /home/zdk/ckyf/homework2026/install/cilent/include
[44.799s] -- Installing: /home/zdk/ckyf/homework2026/install/cilent/include/cilent
[44.799s] -- Installing: /home/zdk/ckyf/homework2026/install/cilent/include/cilent/serial_sender.h
[44.799s] -- Installing: /home/zdk/ckyf/homework2026/install/cilent/include/cilent/kalman_filter.h
[44.799s] -- Installing: /home/zdk/ckyf/homework2026/install/cilent/include/cilent/image_processor.h
[44.800s] -- Installing: /home/zdk/ckyf/homework2026/install/cilent/share/cilent/environment/library_path.sh
[44.800s] -- Installing: /home/zdk/ckyf/homework2026/install/cilent/share/cilent/environment/library_path.dsv
[44.800s] -- Installing: /home/zdk/ckyf/homework2026/install/cilent/lib/libimage_processor.a
[44.805s] -- Installing: /home/zdk/ckyf/homework2026/install/cilent/lib/libserial_sender.a
[44.806s] -- Installing: /home/zdk/ckyf/homework2026/install/cilent/lib/cilent/cilent_main
[44.810s] -- Set runtime path of "/home/zdk/ckyf/homework2026/install/cilent/lib/cilent/cilent_main" to ""
[44.810s] -- Installing: /home/zdk/ckyf/homework2026/install/cilent/share/ament_index/resource_index/package_run_dependencies/cilent
[44.811s] -- Installing: /home/zdk/ckyf/homework2026/install/cilent/share/ament_index/resource_index/parent_prefix_path/cilent
[44.811s] -- Installing: /home/zdk/ckyf/homework2026/install/cilent/share/cilent/environment/ament_prefix_path.sh
[44.811s] -- Installing: /home/zdk/ckyf/homework2026/install/cilent/share/cilent/environment/ament_prefix_path.dsv
[44.811s] -- Installing: /home/zdk/ckyf/homework2026/install/cilent/share/cilent/environment/path.sh
[44.811s] -- Installing: /home/zdk/ckyf/homework2026/install/cilent/share/cilent/environment/path.dsv
[44.811s] -- Installing: /home/zdk/ckyf/homework2026/install/cilent/share/cilent/local_setup.bash
[44.812s] -- Installing: /home/zdk/ckyf/homework2026/install/cilent/share/cilent/local_setup.sh
[44.812s] -- Installing: /home/zdk/ckyf/homework2026/install/cilent/share/cilent/local_setup.zsh
[44.812s] -- Installing: /home/zdk/ckyf/homework2026/install/cilent/share/cilent/local_setup.dsv
[44.812s] -- Installing: /home/zdk/ckyf/homework2026/install/cilent/share/cilent/package.dsv
[44.812s] -- Installing: /home/zdk/ckyf/homework2026/install/cilent/share/ament_index/resource_index/packages/cilent
[44.812s] -- Installing: /home/zdk/ckyf/homework2026/install/cilent/share/cilent/cmake/export_cilentExport.cmake
[44.812s] -- Installing: /home/zdk/ckyf/homework2026/install/cilent/share/cilent/cmake/export_cilentExport-noconfig.cmake
[44.812s] -- Installing: /home/zdk/ckyf/homework2026/install/cilent/share/cilent/cmake/ament_cmake_export_targets-extras.cmake
[44.813s] -- Installing: /home/zdk/ckyf/homework2026/install/cilent/share/cilent/cmake/ament_cmake_export_dependencies-extras.cmake
[44.813s] -- Installing: /home/zdk/ckyf/homework2026/install/cilent/share/cilent/cmake/cilentConfig.cmake
[44.813s] -- Installing: /home/zdk/ckyf/homework2026/install/cilent/share/cilent/cmake/cilentConfig-version.cmake
[44.813s] -- Installing: /home/zdk/ckyf/homework2026/install/cilent/share/cilent/package.xml
[44.815s] Invoked command in '/home/zdk/ckyf/homework2026/build/cilent' returned '0': CMAKE_PREFIX_PATH=/opt/ros/humble /usr/bin/cmake --install /home/zdk/ckyf/homework2026/build/cilent
