[0.683s] DEBUG:colcon:Command line arguments: ['/usr/bin/colcon', 'build', '--packages-select', 'cilent']
[0.684s] DEBUG:colcon:Parsed command line arguments: Namespace(log_base=None, log_level=None, verb_name='build', build_base='build', install_base='install', merge_install=False, symlink_install=False, test_result_base=None, continue_on_error=False, executor='parallel', parallel_workers=32, event_handlers=None, ignore_user_meta=False, metas=['./colcon.meta'], base_paths=['.'], packages_ignore=None, packages_ignore_regex=None, paths=None, packages_up_to=None, packages_up_to_regex=None, packages_above=None, packages_above_and_dependencies=None, packages_above_depth=None, packages_select_by_dep=None, packages_skip_by_dep=None, packages_skip_up_to=None, packages_select_build_failed=False, packages_skip_build_finished=False, packages_select_test_failures=False, packages_skip_test_passed=False, packages_select=['cilent'], packages_skip=None, packages_select_regex=None, packages_skip_regex=None, packages_start=None, packages_end=None, allow_overriding=[], cmake_args=None, cmake_target=None, cmake_target_skip_unavailable=False, cmake_clean_cache=False, cmake_clean_first=False, cmake_force_configure=False, ament_cmake_args=None, catkin_cmake_args=None, catkin_skip_building_tests=False, verb_parser=<colcon_defaults.argument_parser.defaults.DefaultArgumentsDecorator object at 0x7c60a70aefe0>, verb_extension=<colcon_core.verb.build.BuildVerb object at 0x7c60a71e8460>, main=<bound method BuildVerb.main of <colcon_core.verb.build.BuildVerb object at 0x7c60a71e8460>>)
[1.148s] Level 1:colcon.colcon_core.package_discovery:discover_packages(colcon_meta) check parameters
[1.148s] Level 1:colcon.colcon_core.package_discovery:discover_packages(recursive) check parameters
[1.148s] Level 1:colcon.colcon_core.package_discovery:discover_packages(ignore) check parameters
[1.148s] Level 1:colcon.colcon_core.package_discovery:discover_packages(path) check parameters
[1.148s] Level 1:colcon.colcon_core.package_discovery:discover_packages(colcon_meta) discover
[1.149s] Level 1:colcon.colcon_core.package_discovery:discover_packages(recursive) discover
[1.149s] INFO:colcon.colcon_core.package_discovery:Crawling recursively for packages in '/home/zdk/ckyf/homework2026'
[1.149s] Level 1:colcon.colcon_core.package_identification:_identify(.) by extensions ['ignore', 'ignore_ament_install']
[1.149s] Level 1:colcon.colcon_core.package_identification:_identify(.) by extension 'ignore'
[1.149s] Level 1:colcon.colcon_core.package_identification:_identify(.) by extension 'ignore_ament_install'
[1.149s] Level 1:colcon.colcon_core.package_identification:_identify(.) by extensions ['colcon_pkg']
[1.149s] Level 1:colcon.colcon_core.package_identification:_identify(.) by extension 'colcon_pkg'
[1.149s] Level 1:colcon.colcon_core.package_identification:_identify(.) by extensions ['colcon_meta']
[1.149s] Level 1:colcon.colcon_core.package_identification:_identify(.) by extension 'colcon_meta'
[1.150s] Level 1:colcon.colcon_core.package_identification:_identify(.) by extensions ['ros']
[1.150s] Level 1:colcon.colcon_core.package_identification:_identify(.) by extension 'ros'
[1.182s] Level 1:colcon.colcon_core.package_identification:_identify(.) by extensions ['cmake', 'python']
[1.182s] Level 1:colcon.colcon_core.package_identification:_identify(.) by extension 'cmake'
[1.182s] Level 1:colcon.colcon_core.package_identification:_identify(.) by extension 'python'
[1.182s] Level 1:colcon.colcon_core.package_identification:_identify(.) by extensions ['python_setup_py']
[1.182s] Level 1:colcon.colcon_core.package_identification:_identify(.) by extension 'python_setup_py'
[1.182s] Level 1:colcon.colcon_core.package_identification:_identify(autoaim) by extensions ['ignore', 'ignore_ament_install']
[1.182s] Level 1:colcon.colcon_core.package_identification:_identify(autoaim) by extension 'ignore'
[1.182s] Level 1:colcon.colcon_core.package_identification:_identify(autoaim) by extension 'ignore_ament_install'
[1.182s] Level 1:colcon.colcon_core.package_identification:_identify(autoaim) by extensions ['colcon_pkg']
[1.183s] Level 1:colcon.colcon_core.package_identification:_identify(autoaim) by extension 'colcon_pkg'
[1.183s] Level 1:colcon.colcon_core.package_identification:_identify(autoaim) by extensions ['colcon_meta']
[1.183s] Level 1:colcon.colcon_core.package_identification:_identify(autoaim) by extension 'colcon_meta'
[1.183s] Level 1:colcon.colcon_core.package_identification:_identify(autoaim) by extensions ['ros']
[1.183s] Level 1:colcon.colcon_core.package_identification:_identify(autoaim) by extension 'ros'
[1.183s] Level 1:colcon.colcon_core.package_identification:_identify(autoaim) by extensions ['cmake', 'python']
[1.183s] Level 1:colcon.colcon_core.package_identification:_identify(autoaim) by extension 'cmake'
[1.183s] Level 1:colcon.colcon_core.package_identification:_identify(autoaim) by extension 'python'
[1.183s] Level 1:colcon.colcon_core.package_identification:_identify(autoaim) by extensions ['python_setup_py']
[1.183s] Level 1:colcon.colcon_core.package_identification:_identify(autoaim) by extension 'python_setup_py'
[1.184s] Level 1:colcon.colcon_core.package_identification:_identify(build) by extensions ['ignore', 'ignore_ament_install']
[1.184s] Level 1:colcon.colcon_core.package_identification:_identify(build) by extension 'ignore'
[1.184s] Level 1:colcon.colcon_core.package_identification:_identify(build) ignored
[1.184s] Level 1:colcon.colcon_core.package_identification:_identify(cilent) by extensions ['ignore', 'ignore_ament_install']
[1.184s] Level 1:colcon.colcon_core.package_identification:_identify(cilent) by extension 'ignore'
[1.184s] Level 1:colcon.colcon_core.package_identification:_identify(cilent) by extension 'ignore_ament_install'
[1.184s] Level 1:colcon.colcon_core.package_identification:_identify(cilent) by extensions ['colcon_pkg']
[1.184s] Level 1:colcon.colcon_core.package_identification:_identify(cilent) by extension 'colcon_pkg'
[1.184s] Level 1:colcon.colcon_core.package_identification:_identify(cilent) by extensions ['colcon_meta']
[1.184s] Level 1:colcon.colcon_core.package_identification:_identify(cilent) by extension 'colcon_meta'
[1.184s] Level 1:colcon.colcon_core.package_identification:_identify(cilent) by extensions ['ros']
[1.184s] Level 1:colcon.colcon_core.package_identification:_identify(cilent) by extension 'ros'
[1.190s] DEBUG:colcon.colcon_core.package_identification:Package 'cilent' with type 'ros.ament_cmake' and name 'cilent'
[1.190s] Level 1:colcon.colcon_core.package_identification:_identify(install) by extensions ['ignore', 'ignore_ament_install']
[1.190s] Level 1:colcon.colcon_core.package_identification:_identify(install) by extension 'ignore'
[1.190s] Level 1:colcon.colcon_core.package_identification:_identify(install) ignored
[1.190s] Level 1:colcon.colcon_core.package_identification:_identify(log) by extensions ['ignore', 'ignore_ament_install']
[1.191s] Level 1:colcon.colcon_core.package_identification:_identify(log) by extension 'ignore'
[1.191s] Level 1:colcon.colcon_core.package_identification:_identify(log) ignored
[1.191s] Level 1:colcon.colcon_core.package_discovery:discover_packages(recursive) using defaults
[1.191s] Level 1:colcon.colcon_core.package_discovery:discover_packages(ignore) discover
[1.191s] Level 1:colcon.colcon_core.package_discovery:discover_packages(ignore) using defaults
[1.191s] Level 1:colcon.colcon_core.package_discovery:discover_packages(path) discover
[1.191s] Level 1:colcon.colcon_core.package_discovery:discover_packages(path) using defaults
[1.240s] Level 1:colcon.colcon_core.package_discovery:discover_packages(prefix_path) check parameters
[1.240s] Level 1:colcon.colcon_core.package_discovery:discover_packages(prefix_path) discover
[1.245s] DEBUG:colcon.colcon_installed_package_information.package_discovery:Found 272 installed packages in /opt/ros/humble
[1.249s] Level 1:colcon.colcon_core.package_discovery:discover_packages(prefix_path) using defaults
[1.320s] Level 5:colcon.colcon_core.verb:set package 'cilent' build argument 'cmake_args' from command line to 'None'
[1.320s] Level 5:colcon.colcon_core.verb:set package 'cilent' build argument 'cmake_target' from command line to 'None'
[1.321s] Level 5:colcon.colcon_core.verb:set package 'cilent' build argument 'cmake_target_skip_unavailable' from command line to 'False'
[1.321s] Level 5:colcon.colcon_core.verb:set package 'cilent' build argument 'cmake_clean_cache' from command line to 'False'
[1.321s] Level 5:colcon.colcon_core.verb:set package 'cilent' build argument 'cmake_clean_first' from command line to 'False'
[1.321s] Level 5:colcon.colcon_core.verb:set package 'cilent' build argument 'cmake_force_configure' from command line to 'False'
[1.321s] Level 5:colcon.colcon_core.verb:set package 'cilent' build argument 'ament_cmake_args' from command line to 'None'
[1.321s] Level 5:colcon.colcon_core.verb:set package 'cilent' build argument 'catkin_cmake_args' from command line to 'None'
[1.321s] Level 5:colcon.colcon_core.verb:set package 'cilent' build argument 'catkin_skip_building_tests' from command line to 'False'
[1.321s] DEBUG:colcon.colcon_core.verb:Building package 'cilent' with the following arguments: {'ament_cmake_args': None, 'build_base': '/home/zdk/ckyf/homework2026/build/cilent', 'catkin_cmake_args': None, 'catkin_skip_building_tests': False, 'cmake_args': None, 'cmake_clean_cache': False, 'cmake_clean_first': False, 'cmake_force_configure': False, 'cmake_target': None, 'cmake_target_skip_unavailable': False, 'install_base': '/home/zdk/ckyf/homework2026/install/cilent', 'merge_install': False, 'path': '/home/zdk/ckyf/homework2026/cilent', 'symlink_install': False, 'test_result_base': None}
[1.321s] INFO:colcon.colcon_core.executor:Executing jobs using 'parallel' executor
[1.323s] DEBUG:colcon.colcon_parallel_executor.executor.parallel:run_until_complete
[1.324s] INFO:colcon.colcon_ros.task.ament_cmake.build:Building ROS package in '/home/zdk/ckyf/homework2026/cilent' with build type 'ament_cmake'
[1.325s] INFO:colcon.colcon_cmake.task.cmake.build:Building CMake package in '/home/zdk/ckyf/homework2026/cilent'
[1.335s] INFO:colcon.colcon_core.plugin_system:Skipping extension 'colcon_core.shell.bat': Not used on non-Windows systems
[1.335s] INFO:colcon.colcon_core.shell:Skip shell extension 'powershell' for command environment: Not usable outside of PowerShell
[1.335s] DEBUG:colcon.colcon_core.shell:Skip shell extension 'dsv' for command environment
[1.347s] DEBUG:colcon.colcon_core.event_handler.log_command:Invoking command in '/home/zdk/ckyf/homework2026/build/cilent': CMAKE_PREFIX_PATH=/opt/ros/humble /usr/bin/cmake --build /home/zdk/ckyf/homework2026/build/cilent -- -j32 -l32
[20.726s] DEBUG:colcon.colcon_core.event_handler.log_command:Invoked command in '/home/zdk/ckyf/homework2026/build/cilent' returned '0': CMAKE_PREFIX_PATH=/opt/ros/humble /usr/bin/cmake --build /home/zdk/ckyf/homework2026/build/cilent -- -j32 -l32
[20.741s] DEBUG:colcon.colcon_core.event_handler.log_command:Invoking command in '/home/zdk/ckyf/homework2026/build/cilent': CMAKE_PREFIX_PATH=/opt/ros/humble /usr/bin/cmake --install /home/zdk/ckyf/homework2026/build/cilent
[20.792s] Level 1:colcon.colcon_core.environment:create_environment_scripts_only(cilent)
[20.793s] DEBUG:colcon.colcon_core.event_handler.log_command:Invoked command in '/home/zdk/ckyf/homework2026/build/cilent' returned '0': CMAKE_PREFIX_PATH=/opt/ros/humble /usr/bin/cmake --install /home/zdk/ckyf/homework2026/build/cilent
[20.803s] Level 1:colcon.colcon_core.environment:checking '/home/zdk/ckyf/homework2026/install/cilent' for CMake module files
[20.804s] Level 1:colcon.colcon_core.environment:checking '/home/zdk/ckyf/homework2026/install/cilent' for CMake config files
[20.805s] Level 1:colcon.colcon_core.shell:create_environment_hook('cilent', 'cmake_prefix_path')
[20.806s] INFO:colcon.colcon_core.shell:Creating environment hook '/home/zdk/ckyf/homework2026/install/cilent/share/cilent/hook/cmake_prefix_path.ps1'
[20.807s] INFO:colcon.colcon_core.shell:Creating environment descriptor '/home/zdk/ckyf/homework2026/install/cilent/share/cilent/hook/cmake_prefix_path.dsv'
[20.808s] INFO:colcon.colcon_core.shell:Creating environment hook '/home/zdk/ckyf/homework2026/install/cilent/share/cilent/hook/cmake_prefix_path.sh'
[20.809s] Level 1:colcon.colcon_core.environment:checking '/home/zdk/ckyf/homework2026/install/cilent/lib'
[20.810s] Level 1:colcon.colcon_core.environment:checking '/home/zdk/ckyf/homework2026/install/cilent/bin'
[20.810s] Level 1:colcon.colcon_core.environment:checking '/home/zdk/ckyf/homework2026/install/cilent/lib/pkgconfig/cilent.pc'
[20.810s] Level 1:colcon.colcon_core.environment:checking '/home/zdk/ckyf/homework2026/install/cilent/lib/python3.10/site-packages'
[20.812s] Level 1:colcon.colcon_core.environment:checking '/home/zdk/ckyf/homework2026/install/cilent/bin'
[20.812s] INFO:colcon.colcon_core.shell:Creating package script '/home/zdk/ckyf/homework2026/install/cilent/share/cilent/package.ps1'
[20.813s] INFO:colcon.colcon_core.shell:Creating package descriptor '/home/zdk/ckyf/homework2026/install/cilent/share/cilent/package.dsv'
[20.815s] INFO:colcon.colcon_core.shell:Creating package script '/home/zdk/ckyf/homework2026/install/cilent/share/cilent/package.sh'
[20.816s] INFO:colcon.colcon_core.shell:Creating package script '/home/zdk/ckyf/homework2026/install/cilent/share/cilent/package.bash'
[20.817s] INFO:colcon.colcon_core.shell:Creating package script '/home/zdk/ckyf/homework2026/install/cilent/share/cilent/package.zsh'
[20.818s] Level 1:colcon.colcon_core.environment:create_file_with_runtime_dependencies(/home/zdk/ckyf/homework2026/install/cilent/share/colcon-core/packages/cilent)
[20.819s] Level 1:colcon.colcon_core.environment:create_environment_scripts_only(cilent)
[20.819s] Level 1:colcon.colcon_core.environment:checking '/home/zdk/ckyf/homework2026/install/cilent' for CMake module files
[20.820s] Level 1:colcon.colcon_core.environment:checking '/home/zdk/ckyf/homework2026/install/cilent' for CMake config files
[20.820s] Level 1:colcon.colcon_core.shell:create_environment_hook('cilent', 'cmake_prefix_path')
[20.820s] INFO:colcon.colcon_core.shell:Creating environment hook '/home/zdk/ckyf/homework2026/install/cilent/share/cilent/hook/cmake_prefix_path.ps1'
[20.821s] INFO:colcon.colcon_core.shell:Creating environment descriptor '/home/zdk/ckyf/homework2026/install/cilent/share/cilent/hook/cmake_prefix_path.dsv'
[20.821s] INFO:colcon.colcon_core.shell:Creating environment hook '/home/zdk/ckyf/homework2026/install/cilent/share/cilent/hook/cmake_prefix_path.sh'
[20.822s] Level 1:colcon.colcon_core.environment:checking '/home/zdk/ckyf/homework2026/install/cilent/lib'
[20.822s] Level 1:colcon.colcon_core.environment:checking '/home/zdk/ckyf/homework2026/install/cilent/bin'
[20.822s] Level 1:colcon.colcon_core.environment:checking '/home/zdk/ckyf/homework2026/install/cilent/lib/pkgconfig/cilent.pc'
[20.823s] Level 1:colcon.colcon_core.environment:checking '/home/zdk/ckyf/homework2026/install/cilent/lib/python3.10/site-packages'
[20.823s] Level 1:colcon.colcon_core.environment:checking '/home/zdk/ckyf/homework2026/install/cilent/bin'
[20.823s] INFO:colcon.colcon_core.shell:Creating package script '/home/zdk/ckyf/homework2026/install/cilent/share/cilent/package.ps1'
[20.824s] INFO:colcon.colcon_core.shell:Creating package descriptor '/home/zdk/ckyf/homework2026/install/cilent/share/cilent/package.dsv'
[20.825s] INFO:colcon.colcon_core.shell:Creating package script '/home/zdk/ckyf/homework2026/install/cilent/share/cilent/package.sh'
[20.825s] INFO:colcon.colcon_core.shell:Creating package script '/home/zdk/ckyf/homework2026/install/cilent/share/cilent/package.bash'
[20.826s] INFO:colcon.colcon_core.shell:Creating package script '/home/zdk/ckyf/homework2026/install/cilent/share/cilent/package.zsh'
[20.826s] Level 1:colcon.colcon_core.environment:create_file_with_runtime_dependencies(/home/zdk/ckyf/homework2026/install/cilent/share/colcon-core/packages/cilent)
[20.827s] DEBUG:colcon.colcon_parallel_executor.executor.parallel:closing loop
[20.828s] DEBUG:colcon.colcon_parallel_executor.executor.parallel:loop closed
[20.828s] DEBUG:colcon.colcon_parallel_executor.executor.parallel:run_until_complete finished with '0'
[20.828s] DEBUG:colcon.colcon_core.event_reactor:joining thread
[21.011s] INFO:colcon.colcon_core.plugin_system:Skipping extension 'colcon_notification.desktop_notification.notify_send': Could not find 'notify-send'
[21.011s] INFO:colcon.colcon_core.plugin_system:Skipping extension 'colcon_notification.desktop_notification.terminal_notifier': Not used on non-Darwin systems
[21.011s] INFO:colcon.colcon_core.plugin_system:Skipping extension 'colcon_notification.desktop_notification.win32': Not used on non-Windows systems
[21.012s] INFO:colcon.colcon_notification.desktop_notification:Sending desktop notification using 'notify2'
[21.015s] DEBUG:colcon.colcon_notification.desktop_notification.notify2:Failed to initialize notify2: org.freedesktop.DBus.Error.ServiceUnknown: The name org.freedesktop.Notifications was not provided by any .service files
[21.015s] DEBUG:colcon.colcon_core.event_reactor:joined thread
[21.015s] INFO:colcon.colcon_core.shell:Creating prefix script '/home/zdk/ckyf/homework2026/install/local_setup.ps1'
[21.018s] INFO:colcon.colcon_core.shell:Creating prefix util module '/home/zdk/ckyf/homework2026/install/_local_setup_util_ps1.py'
[21.019s] INFO:colcon.colcon_core.shell:Creating prefix chain script '/home/zdk/ckyf/homework2026/install/setup.ps1'
[21.020s] INFO:colcon.colcon_core.shell:Creating prefix script '/home/zdk/ckyf/homework2026/install/local_setup.sh'
[21.022s] INFO:colcon.colcon_core.shell:Creating prefix util module '/home/zdk/ckyf/homework2026/install/_local_setup_util_sh.py'
[21.022s] INFO:colcon.colcon_core.shell:Creating prefix chain script '/home/zdk/ckyf/homework2026/install/setup.sh'
[21.024s] INFO:colcon.colcon_core.shell:Creating prefix script '/home/zdk/ckyf/homework2026/install/local_setup.bash'
[21.025s] INFO:colcon.colcon_core.shell:Creating prefix chain script '/home/zdk/ckyf/homework2026/install/setup.bash'
[21.026s] INFO:colcon.colcon_core.shell:Creating prefix script '/home/zdk/ckyf/homework2026/install/local_setup.zsh'
[21.027s] INFO:colcon.colcon_core.shell:Creating prefix chain script '/home/zdk/ckyf/homework2026/install/setup.zsh'
