[0.006s] Invoking command in '/home/zdk/work/homework2026/build/cilent': CMAKE_PREFIX_PATH=/opt/ros/humble /usr/bin/cmake /home/zdk/work/homework2026/cilent -DCMAKE_INSTALL_PREFIX=/home/zdk/work/homework2026/install/cilent
[0.041s] -- The C compiler identification is GNU 11.4.0
[0.071s] -- The CXX compiler identification is GNU 11.4.0
[0.075s] -- Detecting C compiler ABI info
[0.117s] -- Detecting C compiler ABI info - done
[0.120s] -- Check for working C compiler: /usr/bin/cc - skipped
[0.120s] -- Detecting C compile features
[0.120s] -- Detecting C compile features - done
[0.122s] -- Detecting CXX compiler ABI info
[0.170s] -- Detecting CXX compiler ABI info - done
[0.174s] -- Check for working CXX compiler: /usr/bin/c++ - skipped
[0.174s] -- Detecting CXX compile features
[0.174s] -- Detecting CXX compile features - done
[0.175s] -- Found ament_cmake: 1.3.12 (/opt/ros/humble/share/ament_cmake/cmake)
[0.251s] -- Found Python3: /usr/bin/python3 (found version "3.10.12") found components: Interpreter 
[0.293s] -- Found rclcpp: 16.0.17 (/opt/ros/humble/share/rclcpp/cmake)
[0.310s] -- Found rosidl_generator_c: 3.1.8 (/opt/ros/humble/share/rosidl_generator_c/cmake)
[0.312s] -- Found rosidl_adapter: 3.1.8 (/opt/ros/humble/share/rosidl_adapter/cmake)
[0.315s] -- Found rosidl_generator_cpp: 3.1.8 (/opt/ros/humble/share/rosidl_generator_cpp/cmake)
[0.320s] -- Using all available rosidl_typesupport_c: rosidl_typesupport_fastrtps_c;rosidl_typesupport_introspection_c
[0.328s] -- Using all available rosidl_typesupport_cpp: rosidl_typesupport_fastrtps_cpp;rosidl_typesupport_introspection_cpp
[0.347s] -- Found rmw_implementation_cmake: 6.1.2 (/opt/ros/humble/share/rmw_implementation_cmake/cmake)
[0.348s] -- Found rmw_fastrtps_cpp: 6.2.9 (/opt/ros/humble/share/rmw_fastrtps_cpp/cmake)
[0.396s] -- Found OpenSSL: /usr/lib/x86_64-linux-gnu/libcrypto.so (found version "3.0.2")  
[0.411s] -- Found FastRTPS: /opt/ros/humble/include  
[0.435s] -- Using RMW implementation 'rmw_fastrtps_cpp' as default
[0.438s] -- Looking for pthread.h
[0.485s] -- Looking for pthread.h - found
[0.485s] -- Performing Test CMAKE_HAVE_LIBC_PTHREAD
[0.530s] -- Performing Test CMAKE_HAVE_LIBC_PTHREAD - Success
[0.531s] -- Found Threads: TRUE  
[0.554s] -- Found sensor_msgs: 4.9.0 (/opt/ros/humble/share/sensor_msgs/cmake)
[0.567s] -- Found cv_bridge: 3.2.1 (/opt/ros/humble/share/cv_bridge/cmake)
[0.572s] -- Found image_transport: 3.1.12 (/opt/ros/humble/share/image_transport/cmake)
[0.587s] -- Found ament_lint_auto: 0.12.14 (/opt/ros/humble/share/ament_lint_auto/cmake)
[0.624s] -- Added test 'cppcheck' to perform static code analysis on C / C++ code
[0.624s] -- Configured cppcheck include dirs: $<BUILD_INTERFACE:/home/zdk/work/homework2026/cilent/include>
[0.624s] -- Configured cppcheck exclude dirs and/or files: 
[0.624s] -- Added test 'lint_cmake' to check CMake code style
[0.625s] -- Added test 'uncrustify' to check C / C++ code style
[0.625s] -- Configured uncrustify additional arguments: 
[0.625s] -- Added test 'xmllint' to check XML markup files
[0.625s] -- Configuring done
[0.632s] -- Generating done
[0.634s] -- Build files have been written to: /home/zdk/work/homework2026/build/cilent
[0.640s] Invoked command in '/home/zdk/work/homework2026/build/cilent' returned '0': CMAKE_PREFIX_PATH=/opt/ros/humble /usr/bin/cmake /home/zdk/work/homework2026/cilent -DCMAKE_INSTALL_PREFIX=/home/zdk/work/homework2026/install/cilent
[0.641s] Invoking command in '/home/zdk/work/homework2026/build/cilent': CMAKE_PREFIX_PATH=/opt/ros/humble /usr/bin/cmake --build /home/zdk/work/homework2026/build/cilent -- -j32 -l32
[0.673s] [ 25%] [32mBuilding CXX object CMakeFiles/image_processor.dir/src/image_processor.cpp.o[0m
[0.673s] [ 25%] [32mBuilding CXX object CMakeFiles/kalman_filter.dir/src/kalman_filter.cpp.o[0m
[0.674s] [ 37%] [32mBuilding CXX object CMakeFiles/serial_sender.dir/src/serial_sender.cpp.o[0m
[0.698s] In file included from [01m[K/home/zdk/work/homework2026/cilent/src/image_processor.cpp:1[m[K:
[0.698s] [01m[K/home/zdk/work/homework2026/cilent/include/cilent/image_processor.h:6:10:[m[K [01;31m[Kfatal error: [m[Kcv_bridge/cv_bridge.h: µ▓Īµ£ēķéŻõĖ¬µ¢ćõ╗Čµł¢ńø«ÕĮĢ
[0.698s]     6 | #include [01;31m[K<cv_bridge/cv_bridge.h>[m[K
[0.698s]       |          [01;31m[K^~~~~~~~~~~~~~~~~~~~~~~[m[K
[0.698s] compilation terminated.
[0.699s] gmake[2]: *** [CMakeFiles/image_processor.dir/build.make:76’╝ÜCMakeFiles/image_processor.dir/src/image_processor.cpp.o] ķöÖĶ»» 1
[0.699s] gmake[1]: *** [CMakeFiles/Makefile2:169’╝ÜCMakeFiles/image_processor.dir/all] ķöÖĶ»» 2
[0.699s] gmake[1]: *** µŁŻÕ£©ńŁēÕŠģµ£¬Õ«īµłÉńÜäõ╗╗ÕŖĪ....
[0.816s] [ 50%] [32m[1mLinking CXX static library libserial_sender.a[0m
[0.837s] [ 50%] Built target serial_sender
[1.780s] [ 62%] [32m[1mLinking CXX static library libkalman_filter.a[0m
[1.808s] [ 62%] Built target kalman_filter
[1.809s] gmake: *** [Makefile:146’╝Üall] ķöÖĶ»» 2
[1.811s] Invoked command in '/home/zdk/work/homework2026/build/cilent' returned '2': CMAKE_PREFIX_PATH=/opt/ros/humble /usr/bin/cmake --build /home/zdk/work/homework2026/build/cilent -- -j32 -l32
