[0.005s] Invoking command in '/home/zdk/work/homework2026/build/cilent': CMAKE_PREFIX_PATH=/opt/ros/humble /usr/bin/cmake /home/zdk/work/homework2026/cilent -DCMAKE_INSTALL_PREFIX=/home/zdk/work/homework2026/install/cilent
[0.085s] -- The C compiler identification is GNU 11.4.0
[0.115s] -- The CXX compiler identification is GNU 11.4.0
[0.120s] -- Detecting C compiler ABI info
[0.168s] -- Detecting C compiler ABI info - done
[0.172s] -- Check for working C compiler: /usr/bin/cc - skipped
[0.172s] -- Detecting C compile features
[0.172s] -- Detecting C compile features - done
[0.175s] -- Detecting CXX compiler ABI info
[0.226s] -- Detecting CXX compiler ABI info - done
[0.229s] -- Check for working CXX compiler: /usr/bin/c++ - skipped
[0.230s] -- Detecting CXX compile features
[0.230s] -- Detecting CXX compile features - done
[0.231s] -- Found ament_cmake: 1.3.12 (/opt/ros/humble/share/ament_cmake/cmake)
[0.310s] -- Found Python3: /usr/bin/python3 (found version "3.10.12") found components: Interpreter 
[0.366s] -- Found rclcpp: 16.0.17 (/opt/ros/humble/share/rclcpp/cmake)
[0.401s] -- Found rosidl_generator_c: 3.1.8 (/opt/ros/humble/share/rosidl_generator_c/cmake)
[0.404s] -- Found rosidl_adapter: 3.1.8 (/opt/ros/humble/share/rosidl_adapter/cmake)
[0.410s] -- Found rosidl_generator_cpp: 3.1.8 (/opt/ros/humble/share/rosidl_generator_cpp/cmake)
[0.418s] -- Using all available rosidl_typesupport_c: rosidl_typesupport_fastrtps_c;rosidl_typesupport_introspection_c
[0.428s] -- Using all available rosidl_typesupport_cpp: rosidl_typesupport_fastrtps_cpp;rosidl_typesupport_introspection_cpp
[0.456s] -- Found rmw_implementation_cmake: 6.1.2 (/opt/ros/humble/share/rmw_implementation_cmake/cmake)
[0.458s] -- Found rmw_fastrtps_cpp: 6.2.9 (/opt/ros/humble/share/rmw_fastrtps_cpp/cmake)
[0.512s] -- Found OpenSSL: /usr/lib/x86_64-linux-gnu/libcrypto.so (found version "3.0.2")  
[0.526s] -- Found FastRTPS: /opt/ros/humble/include  
[0.545s] -- Using RMW implementation 'rmw_fastrtps_cpp' as default
[0.551s] -- Looking for pthread.h
[0.594s] -- Looking for pthread.h - found
[0.594s] -- Performing Test CMAKE_HAVE_LIBC_PTHREAD
[0.639s] -- Performing Test CMAKE_HAVE_LIBC_PTHREAD - Success
[0.639s] -- Found Threads: TRUE  
[0.673s] -- Found sensor_msgs: 4.9.0 (/opt/ros/humble/share/sensor_msgs/cmake)
[0.692s] -- Found cv_bridge: 3.2.1 (/opt/ros/humble/share/cv_bridge/cmake)
[0.699s] -- Found image_transport: 3.1.12 (/opt/ros/humble/share/image_transport/cmake)
[0.717s] -- Found OpenCV: /usr (found suitable version "4.5.4", minimum required is "4.5") found components: core imgproc imgcodecs 
[0.720s] -- Found ament_lint_auto: 0.12.14 (/opt/ros/humble/share/ament_lint_auto/cmake)
[0.764s] -- Added test 'cppcheck' to perform static code analysis on C / C++ code
[0.764s] -- Configured cppcheck include dirs: $<BUILD_INTERFACE:/home/zdk/work/homework2026/cilent/include>
[0.764s] -- Configured cppcheck exclude dirs and/or files: 
[0.764s] -- Added test 'lint_cmake' to check CMake code style
[0.765s] -- Added test 'uncrustify' to check C / C++ code style
[0.765s] -- Configured uncrustify additional arguments: 
[0.765s] -- Added test 'xmllint' to check XML markup files
[0.766s] -- Configuring done
[0.774s] -- Generating done
[0.777s] -- Build files have been written to: /home/zdk/work/homework2026/build/cilent
[0.784s] Invoked command in '/home/zdk/work/homework2026/build/cilent' returned '0': CMAKE_PREFIX_PATH=/opt/ros/humble /usr/bin/cmake /home/zdk/work/homework2026/cilent -DCMAKE_INSTALL_PREFIX=/home/zdk/work/homework2026/install/cilent
[0.784s] Invoking command in '/home/zdk/work/homework2026/build/cilent': CMAKE_PREFIX_PATH=/opt/ros/humble /usr/bin/cmake --build /home/zdk/work/homework2026/build/cilent -- -j32 -l32
[0.818s] [ 12%] [32mBuilding CXX object CMakeFiles/serial_sender.dir/src/serial_sender.cpp.o[0m
[0.818s] [ 37%] [32mBuilding CXX object CMakeFiles/kalman_filter.dir/src/kalman_filter.cpp.o[0m
[0.819s] [ 37%] [32mBuilding CXX object CMakeFiles/image_processor.dir/src/image_processor.cpp.o[0m
[0.964s] [ 50%] [32m[1mLinking CXX static library libserial_sender.a[0m
[0.985s] [ 50%] Built target serial_sender
[1.948s] [ 62%] [32m[1mLinking CXX static library libkalman_filter.a[0m
[1.979s] [ 62%] Built target kalman_filter
[4.633s] [ 75%] [32m[1mLinking CXX static library libimage_processor.a[0m
[4.699s] [ 75%] Built target image_processor
[4.714s] [ 87%] [32mBuilding CXX object CMakeFiles/cilent_main.dir/src/main.cpp.o[0m
[6.586s] [100%] [32m[1mLinking CXX executable cilent_main[0m
[6.719s] /usr/bin/ld: warning: libopencv_imgcodecs.so.4.5d, needed by /opt/ros/humble/lib/libcv_bridge.so, may conflict with libopencv_imgcodecs.so.414
[6.720s] /usr/bin/ld: warning: libopencv_imgproc.so.4.5d, needed by /opt/ros/humble/lib/libcv_bridge.so, may conflict with libopencv_imgproc.so.414
[6.720s] /usr/bin/ld: libimage_processor.a(image_processor.cpp.o): undefined reference to symbol '_ZN2cv8cvtColorERKNS_11_InputArrayERKNS_12_OutputArrayEii'
[6.720s] /usr/bin/ld: /lib/x86_64-linux-gnu/libopencv_imgproc.so.4.5d: error adding symbols: DSO missing from command line
[6.722s] collect2: error: ld returned 1 exit status
[6.723s] gmake[2]: *** [CMakeFiles/cilent_main.dir/build.make:237：cilent_main] 错误 1
[6.723s] gmake[1]: *** [CMakeFiles/Makefile2:223：CMakeFiles/cilent_main.dir/all] 错误 2
[6.723s] gmake: *** [Makefile:146：all] 错误 2
[6.725s] Invoked command in '/home/zdk/work/homework2026/build/cilent' returned '2': CMAKE_PREFIX_PATH=/opt/ros/humble /usr/bin/cmake --build /home/zdk/work/homework2026/build/cilent -- -j32 -l32
