[0.006s] Invoking command in '/home/zdk/work/homework2026/build/cilent': CMAKE_PREFIX_PATH=/opt/ros/humble /usr/bin/cmake --build /home/zdk/work/homework2026/build/cilent -- -j32 -l32
[0.034s] [35m[1mConsolidate compiler generated dependencies of target image_processor[0m
[0.042s] [ 25%] Built target serial_sender
[0.042s] [ 50%] Built target kalman_filter
[0.045s] [ 62%] [32mBuilding CXX object CMakeFiles/image_processor.dir/src/image_processor.cpp.o[0m
[3.893s] [ 75%] [32m[1mLinking CXX static library libimage_processor.a[0m
[3.963s] [ 75%] Built target image_processor
[3.984s] [ 87%] [32m[1mLinking CXX executable cilent_main[0m
[4.114s] /usr/bin/ld: warning: libopencv_imgcodecs.so.4.5d, needed by /opt/ros/humble/lib/libcv_bridge.so, may conflict with libopencv_imgcodecs.so.414
[4.114s] /usr/bin/ld: warning: libopencv_imgproc.so.4.5d, needed by /opt/ros/humble/lib/libcv_bridge.so, may conflict with libopencv_imgproc.so.414
[4.115s] /usr/bin/ld: warning: libopencv_core.so.4.5d, needed by /opt/ros/humble/lib/libcv_bridge.so, may conflict with libopencv_core.so.414
[4.330s] [100%] Built target cilent_main
[4.337s] Invoked command in '/home/zdk/work/homework2026/build/cilent' returned '0': CMAKE_PREFIX_PATH=/opt/ros/humble /usr/bin/cmake --build /home/zdk/work/homework2026/build/cilent -- -j32 -l32
[4.343s] Invoking command in '/home/zdk/work/homework2026/build/cilent': CMAKE_PREFIX_PATH=/opt/ros/humble /usr/bin/cmake --install /home/zdk/work/homework2026/build/cilent
[4.346s] -- Install configuration: ""
[4.346s] -- Up-to-date: /home/zdk/work/homework2026/install/cilent/lib/libkalman_filter.a
[4.346s] -- Up-to-date: /home/zdk/work/homework2026/install/cilent/include
[4.346s] -- Up-to-date: /home/zdk/work/homework2026/install/cilent/include/cilent
[4.346s] -- Up-to-date: /home/zdk/work/homework2026/install/cilent/include/cilent/image_processor.h
[4.346s] -- Up-to-date: /home/zdk/work/homework2026/install/cilent/include/cilent/serial_sender.h
[4.346s] -- Up-to-date: /home/zdk/work/homework2026/install/cilent/include/cilent/kalman_filter.h
[4.346s] -- Up-to-date: /home/zdk/work/homework2026/install/cilent/share/cilent/environment/library_path.sh
[4.346s] -- Up-to-date: /home/zdk/work/homework2026/install/cilent/share/cilent/environment/library_path.dsv
[4.346s] -- Installing: /home/zdk/work/homework2026/install/cilent/lib/libimage_processor.a
[4.350s] -- Up-to-date: /home/zdk/work/homework2026/install/cilent/lib/libserial_sender.a
[4.350s] -- Installing: /home/zdk/work/homework2026/install/cilent/lib/cilent/cilent_main
[4.352s] -- Set runtime path of "/home/zdk/work/homework2026/install/cilent/lib/cilent/cilent_main" to ""
[4.352s] -- Up-to-date: /home/zdk/work/homework2026/install/cilent/share/ament_index/resource_index/package_run_dependencies/cilent
[4.352s] -- Up-to-date: /home/zdk/work/homework2026/install/cilent/share/ament_index/resource_index/parent_prefix_path/cilent
[4.352s] -- Up-to-date: /home/zdk/work/homework2026/install/cilent/share/cilent/environment/ament_prefix_path.sh
[4.353s] -- Up-to-date: /home/zdk/work/homework2026/install/cilent/share/cilent/environment/ament_prefix_path.dsv
[4.353s] -- Up-to-date: /home/zdk/work/homework2026/install/cilent/share/cilent/environment/path.sh
[4.353s] -- Up-to-date: /home/zdk/work/homework2026/install/cilent/share/cilent/environment/path.dsv
[4.353s] -- Up-to-date: /home/zdk/work/homework2026/install/cilent/share/cilent/local_setup.bash
[4.353s] -- Up-to-date: /home/zdk/work/homework2026/install/cilent/share/cilent/local_setup.sh
[4.353s] -- Up-to-date: /home/zdk/work/homework2026/install/cilent/share/cilent/local_setup.zsh
[4.353s] -- Up-to-date: /home/zdk/work/homework2026/install/cilent/share/cilent/local_setup.dsv
[4.353s] -- Installing: /home/zdk/work/homework2026/install/cilent/share/cilent/package.dsv
[4.353s] -- Up-to-date: /home/zdk/work/homework2026/install/cilent/share/ament_index/resource_index/packages/cilent
[4.353s] -- Up-to-date: /home/zdk/work/homework2026/install/cilent/share/cilent/cmake/export_cilentExport.cmake
[4.353s] -- Up-to-date: /home/zdk/work/homework2026/install/cilent/share/cilent/cmake/export_cilentExport-noconfig.cmake
[4.353s] -- Up-to-date: /home/zdk/work/homework2026/install/cilent/share/cilent/cmake/ament_cmake_export_targets-extras.cmake
[4.353s] -- Up-to-date: /home/zdk/work/homework2026/install/cilent/share/cilent/cmake/ament_cmake_export_dependencies-extras.cmake
[4.353s] -- Up-to-date: /home/zdk/work/homework2026/install/cilent/share/cilent/cmake/cilentConfig.cmake
[4.353s] -- Up-to-date: /home/zdk/work/homework2026/install/cilent/share/cilent/cmake/cilentConfig-version.cmake
[4.353s] -- Up-to-date: /home/zdk/work/homework2026/install/cilent/share/cilent/package.xml
[4.354s] Invoked command in '/home/zdk/work/homework2026/build/cilent' returned '0': CMAKE_PREFIX_PATH=/opt/ros/humble /usr/bin/cmake --install /home/zdk/work/homework2026/build/cilent
