[0.011s] Invoking command in '/home/zdk/ckyf/homework2026/build/cilent': CMAKE_PREFIX_PATH=/opt/ros/humble /usr/bin/cmake --build /home/zdk/ckyf/homework2026/build/cilent -- -j32 -l32
[0.059s] [ 25%] Built target kalman_filter
[0.060s] [ 50%] Built target serial_sender
[0.060s] [ 62%] [32mBuilding CXX object CMakeFiles/image_processor.dir/src/image_processor.cpp.o[0m
[8.080s] [ 75%] [32m[1mLinking CXX static library libimage_processor.a[0m
[8.174s] [ 75%] Built target image_processor
[8.196s] [ 87%] [32m[1mLinking CXX executable cilent_main[0m
[9.425s] [100%] Built target cilent_main
[9.436s] Invoked command in '/home/zdk/ckyf/homework2026/build/cilent' returned '0': CMAKE_PREFIX_PATH=/opt/ros/humble /usr/bin/cmake --build /home/zdk/ckyf/homework2026/build/cilent -- -j32 -l32
[9.446s] Invoking command in '/home/zdk/ckyf/homework2026/build/cilent': CMAKE_PREFIX_PATH=/opt/ros/humble /usr/bin/cmake --install /home/zdk/ckyf/homework2026/build/cilent
[9.452s] -- Install configuration: ""
[9.452s] -- Up-to-date: /home/zdk/ckyf/homework2026/install/cilent/lib/libkalman_filter.a
[9.453s] -- Up-to-date: /home/zdk/ckyf/homework2026/install/cilent/include
[9.453s] -- Up-to-date: /home/zdk/ckyf/homework2026/install/cilent/include/cilent
[9.453s] -- Up-to-date: /home/zdk/ckyf/homework2026/install/cilent/include/cilent/serial_sender.h
[9.453s] -- Up-to-date: /home/zdk/ckyf/homework2026/install/cilent/include/cilent/kalman_filter.h
[9.453s] -- Up-to-date: /home/zdk/ckyf/homework2026/install/cilent/include/cilent/image_processor.h
[9.453s] -- Up-to-date: /home/zdk/ckyf/homework2026/install/cilent/share/cilent/environment/library_path.sh
[9.453s] -- Up-to-date: /home/zdk/ckyf/homework2026/install/cilent/share/cilent/environment/library_path.dsv
[9.453s] -- Installing: /home/zdk/ckyf/homework2026/install/cilent/lib/libimage_processor.a
[9.466s] -- Up-to-date: /home/zdk/ckyf/homework2026/install/cilent/lib/libserial_sender.a
[9.466s] -- Installing: /home/zdk/ckyf/homework2026/install/cilent/lib/cilent/cilent_main
[9.505s] -- Set runtime path of "/home/zdk/ckyf/homework2026/install/cilent/lib/cilent/cilent_main" to ""
[9.506s] -- Up-to-date: /home/zdk/ckyf/homework2026/install/cilent/share/ament_index/resource_index/package_run_dependencies/cilent
[9.506s] -- Up-to-date: /home/zdk/ckyf/homework2026/install/cilent/share/ament_index/resource_index/parent_prefix_path/cilent
[9.506s] -- Up-to-date: /home/zdk/ckyf/homework2026/install/cilent/share/cilent/environment/ament_prefix_path.sh
[9.506s] -- Up-to-date: /home/zdk/ckyf/homework2026/install/cilent/share/cilent/environment/ament_prefix_path.dsv
[9.506s] -- Up-to-date: /home/zdk/ckyf/homework2026/install/cilent/share/cilent/environment/path.sh
[9.506s] -- Up-to-date: /home/zdk/ckyf/homework2026/install/cilent/share/cilent/environment/path.dsv
[9.506s] -- Up-to-date: /home/zdk/ckyf/homework2026/install/cilent/share/cilent/local_setup.bash
[9.506s] -- Up-to-date: /home/zdk/ckyf/homework2026/install/cilent/share/cilent/local_setup.sh
[9.506s] -- Up-to-date: /home/zdk/ckyf/homework2026/install/cilent/share/cilent/local_setup.zsh
[9.506s] -- Up-to-date: /home/zdk/ckyf/homework2026/install/cilent/share/cilent/local_setup.dsv
[9.506s] -- Installing: /home/zdk/ckyf/homework2026/install/cilent/share/cilent/package.dsv
[9.506s] -- Up-to-date: /home/zdk/ckyf/homework2026/install/cilent/share/ament_index/resource_index/packages/cilent
[9.506s] -- Up-to-date: /home/zdk/ckyf/homework2026/install/cilent/share/cilent/cmake/export_cilentExport.cmake
[9.506s] -- Up-to-date: /home/zdk/ckyf/homework2026/install/cilent/share/cilent/cmake/export_cilentExport-noconfig.cmake
[9.507s] -- Up-to-date: /home/zdk/ckyf/homework2026/install/cilent/share/cilent/cmake/ament_cmake_export_targets-extras.cmake
[9.507s] -- Up-to-date: /home/zdk/ckyf/homework2026/install/cilent/share/cilent/cmake/ament_cmake_export_dependencies-extras.cmake
[9.507s] -- Up-to-date: /home/zdk/ckyf/homework2026/install/cilent/share/cilent/cmake/cilentConfig.cmake
[9.507s] -- Up-to-date: /home/zdk/ckyf/homework2026/install/cilent/share/cilent/cmake/cilentConfig-version.cmake
[9.507s] -- Up-to-date: /home/zdk/ckyf/homework2026/install/cilent/share/cilent/package.xml
[9.508s] Invoked command in '/home/zdk/ckyf/homework2026/build/cilent' returned '0': CMAKE_PREFIX_PATH=/opt/ros/humble /usr/bin/cmake --install /home/zdk/ckyf/homework2026/build/cilent
