[0.808s] DEBUG:colcon:Command line arguments: ['/usr/bin/colcon', 'build']
[0.808s] DEBUG:colcon:Parsed command line arguments: Namespace(log_base=None, log_level=None, verb_name='build', build_base='build', install_base='install', merge_install=False, symlink_install=False, test_result_base=None, continue_on_error=False, executor='parallel', parallel_workers=32, event_handlers=None, ignore_user_meta=False, metas=['./colcon.meta'], base_paths=['.'], packages_ignore=None, packages_ignore_regex=None, paths=None, packages_up_to=None, packages_up_to_regex=None, packages_above=None, packages_above_and_dependencies=None, packages_above_depth=None, packages_select_by_dep=None, packages_skip_by_dep=None, packages_skip_up_to=None, packages_select_build_failed=False, packages_skip_build_finished=False, packages_select_test_failures=False, packages_skip_test_passed=False, packages_select=None, packages_skip=None, packages_select_regex=None, packages_skip_regex=None, packages_start=None, packages_end=None, allow_overriding=[], cmake_args=None, cmake_target=None, cmake_target_skip_unavailable=False, cmake_clean_cache=False, cmake_clean_first=False, cmake_force_configure=False, ament_cmake_args=None, catkin_cmake_args=None, catkin_skip_building_tests=False, verb_parser=<colcon_defaults.argument_parser.defaults.DefaultArgumentsDecorator object at 0x7ed2f193af80>, verb_extension=<colcon_core.verb.build.BuildVerb object at 0x7ed2f1a78400>, main=<bound method BuildVerb.main of <colcon_core.verb.build.BuildVerb object at 0x7ed2f1a78400>>)
[0.985s] Level 1:colcon.colcon_core.package_discovery:discover_packages(colcon_meta) check parameters
[0.985s] Level 1:colcon.colcon_core.package_discovery:discover_packages(recursive) check parameters
[0.985s] Level 1:colcon.colcon_core.package_discovery:discover_packages(ignore) check parameters
[0.985s] Level 1:colcon.colcon_core.package_discovery:discover_packages(path) check parameters
[0.985s] Level 1:colcon.colcon_core.package_discovery:discover_packages(colcon_meta) discover
[0.986s] Level 1:colcon.colcon_core.package_discovery:discover_packages(recursive) discover
[0.986s] INFO:colcon.colcon_core.package_discovery:Crawling recursively for packages in '/home/zdk/ckyf/homework2026'
[0.986s] Level 1:colcon.colcon_core.package_identification:_identify(.) by extensions ['ignore', 'ignore_ament_install']
[0.986s] Level 1:colcon.colcon_core.package_identification:_identify(.) by extension 'ignore'
[0.986s] Level 1:colcon.colcon_core.package_identification:_identify(.) by extension 'ignore_ament_install'
[0.986s] Level 1:colcon.colcon_core.package_identification:_identify(.) by extensions ['colcon_pkg']
[0.986s] Level 1:colcon.colcon_core.package_identification:_identify(.) by extension 'colcon_pkg'
[0.986s] Level 1:colcon.colcon_core.package_identification:_identify(.) by extensions ['colcon_meta']
[0.986s] Level 1:colcon.colcon_core.package_identification:_identify(.) by extension 'colcon_meta'
[0.986s] Level 1:colcon.colcon_core.package_identification:_identify(.) by extensions ['ros']
[0.986s] Level 1:colcon.colcon_core.package_identification:_identify(.) by extension 'ros'
[1.000s] Level 1:colcon.colcon_core.package_identification:_identify(.) by extensions ['cmake', 'python']
[1.000s] Level 1:colcon.colcon_core.package_identification:_identify(.) by extension 'cmake'
[1.000s] Level 1:colcon.colcon_core.package_identification:_identify(.) by extension 'python'
[1.000s] Level 1:colcon.colcon_core.package_identification:_identify(.) by extensions ['python_setup_py']
[1.000s] Level 1:colcon.colcon_core.package_identification:_identify(.) by extension 'python_setup_py'
[1.000s] Level 1:colcon.colcon_core.package_identification:_identify(autoaim) by extensions ['ignore', 'ignore_ament_install']
[1.000s] Level 1:colcon.colcon_core.package_identification:_identify(autoaim) by extension 'ignore'
[1.000s] Level 1:colcon.colcon_core.package_identification:_identify(autoaim) by extension 'ignore_ament_install'
[1.000s] Level 1:colcon.colcon_core.package_identification:_identify(autoaim) by extensions ['colcon_pkg']
[1.000s] Level 1:colcon.colcon_core.package_identification:_identify(autoaim) by extension 'colcon_pkg'
[1.000s] Level 1:colcon.colcon_core.package_identification:_identify(autoaim) by extensions ['colcon_meta']
[1.000s] Level 1:colcon.colcon_core.package_identification:_identify(autoaim) by extension 'colcon_meta'
[1.000s] Level 1:colcon.colcon_core.package_identification:_identify(autoaim) by extensions ['ros']
[1.000s] Level 1:colcon.colcon_core.package_identification:_identify(autoaim) by extension 'ros'
[1.000s] Level 1:colcon.colcon_core.package_identification:_identify(autoaim) by extensions ['cmake', 'python']
[1.000s] Level 1:colcon.colcon_core.package_identification:_identify(autoaim) by extension 'cmake'
[1.000s] Level 1:colcon.colcon_core.package_identification:_identify(autoaim) by extension 'python'
[1.001s] Level 1:colcon.colcon_core.package_identification:_identify(autoaim) by extensions ['python_setup_py']
[1.001s] Level 1:colcon.colcon_core.package_identification:_identify(autoaim) by extension 'python_setup_py'
[1.001s] Level 1:colcon.colcon_core.package_identification:_identify(build) by extensions ['ignore', 'ignore_ament_install']
[1.001s] Level 1:colcon.colcon_core.package_identification:_identify(build) by extension 'ignore'
[1.001s] Level 1:colcon.colcon_core.package_identification:_identify(build) ignored
[1.001s] Level 1:colcon.colcon_core.package_identification:_identify(cilent) by extensions ['ignore', 'ignore_ament_install']
[1.001s] Level 1:colcon.colcon_core.package_identification:_identify(cilent) by extension 'ignore'
[1.001s] Level 1:colcon.colcon_core.package_identification:_identify(cilent) by extension 'ignore_ament_install'
[1.001s] Level 1:colcon.colcon_core.package_identification:_identify(cilent) by extensions ['colcon_pkg']
[1.001s] Level 1:colcon.colcon_core.package_identification:_identify(cilent) by extension 'colcon_pkg'
[1.001s] Level 1:colcon.colcon_core.package_identification:_identify(cilent) by extensions ['colcon_meta']
[1.001s] Level 1:colcon.colcon_core.package_identification:_identify(cilent) by extension 'colcon_meta'
[1.001s] Level 1:colcon.colcon_core.package_identification:_identify(cilent) by extensions ['ros']
[1.001s] Level 1:colcon.colcon_core.package_identification:_identify(cilent) by extension 'ros'
[1.004s] DEBUG:colcon.colcon_core.package_identification:Package 'cilent' with type 'ros.ament_cmake' and name 'cilent'
[1.004s] Level 1:colcon.colcon_core.package_identification:_identify(install) by extensions ['ignore', 'ignore_ament_install']
[1.004s] Level 1:colcon.colcon_core.package_identification:_identify(install) by extension 'ignore'
[1.004s] Level 1:colcon.colcon_core.package_identification:_identify(install) ignored
[1.004s] Level 1:colcon.colcon_core.package_identification:_identify(log) by extensions ['ignore', 'ignore_ament_install']
[1.005s] Level 1:colcon.colcon_core.package_identification:_identify(log) by extension 'ignore'
[1.005s] Level 1:colcon.colcon_core.package_identification:_identify(log) ignored
[1.005s] Level 1:colcon.colcon_core.package_discovery:discover_packages(recursive) using defaults
[1.005s] Level 1:colcon.colcon_core.package_discovery:discover_packages(ignore) discover
[1.005s] Level 1:colcon.colcon_core.package_discovery:discover_packages(ignore) using defaults
[1.005s] Level 1:colcon.colcon_core.package_discovery:discover_packages(path) discover
[1.005s] Level 1:colcon.colcon_core.package_discovery:discover_packages(path) using defaults
[1.031s] Level 1:colcon.colcon_core.package_discovery:discover_packages(prefix_path) check parameters
[1.031s] Level 1:colcon.colcon_core.package_discovery:discover_packages(prefix_path) discover
[1.034s] DEBUG:colcon.colcon_installed_package_information.package_discovery:Found 272 installed packages in /opt/ros/humble
[1.036s] Level 1:colcon.colcon_core.package_discovery:discover_packages(prefix_path) using defaults
[1.098s] Level 5:colcon.colcon_core.verb:set package 'cilent' build argument 'cmake_args' from command line to 'None'
[1.099s] Level 5:colcon.colcon_core.verb:set package 'cilent' build argument 'cmake_target' from command line to 'None'
[1.099s] Level 5:colcon.colcon_core.verb:set package 'cilent' build argument 'cmake_target_skip_unavailable' from command line to 'False'
[1.099s] Level 5:colcon.colcon_core.verb:set package 'cilent' build argument 'cmake_clean_cache' from command line to 'False'
[1.099s] Level 5:colcon.colcon_core.verb:set package 'cilent' build argument 'cmake_clean_first' from command line to 'False'
[1.099s] Level 5:colcon.colcon_core.verb:set package 'cilent' build argument 'cmake_force_configure' from command line to 'False'
[1.099s] Level 5:colcon.colcon_core.verb:set package 'cilent' build argument 'ament_cmake_args' from command line to 'None'
[1.099s] Level 5:colcon.colcon_core.verb:set package 'cilent' build argument 'catkin_cmake_args' from command line to 'None'
[1.099s] Level 5:colcon.colcon_core.verb:set package 'cilent' build argument 'catkin_skip_building_tests' from command line to 'False'
[1.099s] DEBUG:colcon.colcon_core.verb:Building package 'cilent' with the following arguments: {'ament_cmake_args': None, 'build_base': '/home/zdk/ckyf/homework2026/build/cilent', 'catkin_cmake_args': None, 'catkin_skip_building_tests': False, 'cmake_args': None, 'cmake_clean_cache': False, 'cmake_clean_first': False, 'cmake_force_configure': False, 'cmake_target': None, 'cmake_target_skip_unavailable': False, 'install_base': '/home/zdk/ckyf/homework2026/install/cilent', 'merge_install': False, 'path': '/home/zdk/ckyf/homework2026/cilent', 'symlink_install': False, 'test_result_base': None}
[1.099s] INFO:colcon.colcon_core.executor:Executing jobs using 'parallel' executor
[1.100s] DEBUG:colcon.colcon_parallel_executor.executor.parallel:run_until_complete
[1.101s] INFO:colcon.colcon_ros.task.ament_cmake.build:Building ROS package in '/home/zdk/ckyf/homework2026/cilent' with build type 'ament_cmake'
[1.101s] INFO:colcon.colcon_cmake.task.cmake.build:Building CMake package in '/home/zdk/ckyf/homework2026/cilent'
[1.105s] INFO:colcon.colcon_core.plugin_system:Skipping extension 'colcon_core.shell.bat': Not used on non-Windows systems
[1.105s] INFO:colcon.colcon_core.shell:Skip shell extension 'powershell' for command environment: Not usable outside of PowerShell
[1.105s] DEBUG:colcon.colcon_core.shell:Skip shell extension 'dsv' for command environment
[1.119s] DEBUG:colcon.colcon_core.event_handler.log_command:Invoking command in '/home/zdk/ckyf/homework2026/build/cilent': CMAKE_PREFIX_PATH=/opt/ros/humble /usr/bin/cmake --build /home/zdk/ckyf/homework2026/build/cilent -- -j32 -l32
[17.752s] DEBUG:colcon.colcon_core.event_handler.log_command:Invoked command in '/home/zdk/ckyf/homework2026/build/cilent' returned '0': CMAKE_PREFIX_PATH=/opt/ros/humble /usr/bin/cmake --build /home/zdk/ckyf/homework2026/build/cilent -- -j32 -l32
[17.765s] DEBUG:colcon.colcon_core.event_handler.log_command:Invoking command in '/home/zdk/ckyf/homework2026/build/cilent': CMAKE_PREFIX_PATH=/opt/ros/humble /usr/bin/cmake --install /home/zdk/ckyf/homework2026/build/cilent
[17.837s] Level 1:colcon.colcon_core.environment:create_environment_scripts_only(cilent)
[17.838s] DEBUG:colcon.colcon_core.event_handler.log_command:Invoked command in '/home/zdk/ckyf/homework2026/build/cilent' returned '0': CMAKE_PREFIX_PATH=/opt/ros/humble /usr/bin/cmake --install /home/zdk/ckyf/homework2026/build/cilent
[17.841s] Level 1:colcon.colcon_core.environment:checking '/home/zdk/ckyf/homework2026/install/cilent' for CMake module files
[17.842s] Level 1:colcon.colcon_core.environment:checking '/home/zdk/ckyf/homework2026/install/cilent' for CMake config files
[17.842s] Level 1:colcon.colcon_core.shell:create_environment_hook('cilent', 'cmake_prefix_path')
[17.842s] INFO:colcon.colcon_core.shell:Creating environment hook '/home/zdk/ckyf/homework2026/install/cilent/share/cilent/hook/cmake_prefix_path.ps1'
[17.843s] INFO:colcon.colcon_core.shell:Creating environment descriptor '/home/zdk/ckyf/homework2026/install/cilent/share/cilent/hook/cmake_prefix_path.dsv'
[17.844s] INFO:colcon.colcon_core.shell:Creating environment hook '/home/zdk/ckyf/homework2026/install/cilent/share/cilent/hook/cmake_prefix_path.sh'
[17.846s] Level 1:colcon.colcon_core.environment:checking '/home/zdk/ckyf/homework2026/install/cilent/lib'
[17.846s] Level 1:colcon.colcon_core.environment:checking '/home/zdk/ckyf/homework2026/install/cilent/bin'
[17.846s] Level 1:colcon.colcon_core.environment:checking '/home/zdk/ckyf/homework2026/install/cilent/lib/pkgconfig/cilent.pc'
[17.847s] Level 1:colcon.colcon_core.environment:checking '/home/zdk/ckyf/homework2026/install/cilent/lib/python3.10/site-packages'
[17.847s] Level 1:colcon.colcon_core.environment:checking '/home/zdk/ckyf/homework2026/install/cilent/bin'
[17.848s] INFO:colcon.colcon_core.shell:Creating package script '/home/zdk/ckyf/homework2026/install/cilent/share/cilent/package.ps1'
[17.849s] INFO:colcon.colcon_core.shell:Creating package descriptor '/home/zdk/ckyf/homework2026/install/cilent/share/cilent/package.dsv'
[17.850s] INFO:colcon.colcon_core.shell:Creating package script '/home/zdk/ckyf/homework2026/install/cilent/share/cilent/package.sh'
[17.850s] INFO:colcon.colcon_core.shell:Creating package script '/home/zdk/ckyf/homework2026/install/cilent/share/cilent/package.bash'
[17.851s] INFO:colcon.colcon_core.shell:Creating package script '/home/zdk/ckyf/homework2026/install/cilent/share/cilent/package.zsh'
[17.852s] Level 1:colcon.colcon_core.environment:create_file_with_runtime_dependencies(/home/zdk/ckyf/homework2026/install/cilent/share/colcon-core/packages/cilent)
[17.852s] Level 1:colcon.colcon_core.environment:create_environment_scripts_only(cilent)
[17.852s] Level 1:colcon.colcon_core.environment:checking '/home/zdk/ckyf/homework2026/install/cilent' for CMake module files
[17.853s] Level 1:colcon.colcon_core.environment:checking '/home/zdk/ckyf/homework2026/install/cilent' for CMake config files
[17.853s] Level 1:colcon.colcon_core.shell:create_environment_hook('cilent', 'cmake_prefix_path')
[17.853s] INFO:colcon.colcon_core.shell:Creating environment hook '/home/zdk/ckyf/homework2026/install/cilent/share/cilent/hook/cmake_prefix_path.ps1'
[17.854s] INFO:colcon.colcon_core.shell:Creating environment descriptor '/home/zdk/ckyf/homework2026/install/cilent/share/cilent/hook/cmake_prefix_path.dsv'
[17.855s] INFO:colcon.colcon_core.shell:Creating environment hook '/home/zdk/ckyf/homework2026/install/cilent/share/cilent/hook/cmake_prefix_path.sh'
[17.855s] Level 1:colcon.colcon_core.environment:checking '/home/zdk/ckyf/homework2026/install/cilent/lib'
[17.855s] Level 1:colcon.colcon_core.environment:checking '/home/zdk/ckyf/homework2026/install/cilent/bin'
[17.856s] Level 1:colcon.colcon_core.environment:checking '/home/zdk/ckyf/homework2026/install/cilent/lib/pkgconfig/cilent.pc'
[17.856s] Level 1:colcon.colcon_core.environment:checking '/home/zdk/ckyf/homework2026/install/cilent/lib/python3.10/site-packages'
[17.856s] Level 1:colcon.colcon_core.environment:checking '/home/zdk/ckyf/homework2026/install/cilent/bin'
[17.856s] INFO:colcon.colcon_core.shell:Creating package script '/home/zdk/ckyf/homework2026/install/cilent/share/cilent/package.ps1'
[17.857s] INFO:colcon.colcon_core.shell:Creating package descriptor '/home/zdk/ckyf/homework2026/install/cilent/share/cilent/package.dsv'
[17.857s] INFO:colcon.colcon_core.shell:Creating package script '/home/zdk/ckyf/homework2026/install/cilent/share/cilent/package.sh'
[17.858s] INFO:colcon.colcon_core.shell:Creating package script '/home/zdk/ckyf/homework2026/install/cilent/share/cilent/package.bash'
[17.858s] INFO:colcon.colcon_core.shell:Creating package script '/home/zdk/ckyf/homework2026/install/cilent/share/cilent/package.zsh'
[17.858s] Level 1:colcon.colcon_core.environment:create_file_with_runtime_dependencies(/home/zdk/ckyf/homework2026/install/cilent/share/colcon-core/packages/cilent)
[17.859s] DEBUG:colcon.colcon_parallel_executor.executor.parallel:closing loop
[17.859s] DEBUG:colcon.colcon_parallel_executor.executor.parallel:loop closed
[17.859s] DEBUG:colcon.colcon_parallel_executor.executor.parallel:run_until_complete finished with '0'
[17.860s] DEBUG:colcon.colcon_core.event_reactor:joining thread
[18.081s] INFO:colcon.colcon_core.plugin_system:Skipping extension 'colcon_notification.desktop_notification.notify_send': Could not find 'notify-send'
[18.082s] INFO:colcon.colcon_core.plugin_system:Skipping extension 'colcon_notification.desktop_notification.terminal_notifier': Not used on non-Darwin systems
[18.082s] INFO:colcon.colcon_core.plugin_system:Skipping extension 'colcon_notification.desktop_notification.win32': Not used on non-Windows systems
[18.082s] INFO:colcon.colcon_notification.desktop_notification:Sending desktop notification using 'notify2'
[18.085s] DEBUG:colcon.colcon_notification.desktop_notification.notify2:Failed to initialize notify2: org.freedesktop.DBus.Error.ServiceUnknown: The name org.freedesktop.Notifications was not provided by any .service files
[18.085s] DEBUG:colcon.colcon_core.event_reactor:joined thread
[18.086s] INFO:colcon.colcon_core.shell:Creating prefix script '/home/zdk/ckyf/homework2026/install/local_setup.ps1'
[18.087s] INFO:colcon.colcon_core.shell:Creating prefix util module '/home/zdk/ckyf/homework2026/install/_local_setup_util_ps1.py'
[18.088s] INFO:colcon.colcon_core.shell:Creating prefix chain script '/home/zdk/ckyf/homework2026/install/setup.ps1'
[18.089s] INFO:colcon.colcon_core.shell:Creating prefix script '/home/zdk/ckyf/homework2026/install/local_setup.sh'
[18.090s] INFO:colcon.colcon_core.shell:Creating prefix util module '/home/zdk/ckyf/homework2026/install/_local_setup_util_sh.py'
[18.091s] INFO:colcon.colcon_core.shell:Creating prefix chain script '/home/zdk/ckyf/homework2026/install/setup.sh'
[18.092s] INFO:colcon.colcon_core.shell:Creating prefix script '/home/zdk/ckyf/homework2026/install/local_setup.bash'
[18.092s] INFO:colcon.colcon_core.shell:Creating prefix chain script '/home/zdk/ckyf/homework2026/install/setup.bash'
[18.093s] INFO:colcon.colcon_core.shell:Creating prefix script '/home/zdk/ckyf/homework2026/install/local_setup.zsh'
[18.093s] INFO:colcon.colcon_core.shell:Creating prefix chain script '/home/zdk/ckyf/homework2026/install/setup.zsh'
