[0.006s] Invoking command in '/home/zdk/work/homework2026/build/cilent': CMAKE_PREFIX_PATH=/opt/ros/humble /usr/bin/cmake --build /home/zdk/work/homework2026/build/cilent -- -j32 -l32
[0.091s] [ 25%] Built target serial_sender
[0.092s] [ 50%] Built target kalman_filter
[0.094s] [ 75%] Built target image_processor
[0.140s] [ 87%] [32mBuilding CXX object CMakeFiles/cilent_main.dir/src/main.cpp.o[0m
[4.140s] [100%] [32m[1mLinking CXX executable cilent_main[0m
[4.715s] [100%] Built target cilent_main
[4.723s] Invoked command in '/home/zdk/work/homework2026/build/cilent' returned '0': CMAKE_PREFIX_PATH=/opt/ros/humble /usr/bin/cmake --build /home/zdk/work/homework2026/build/cilent -- -j32 -l32
[4.736s] Invoking command in '/home/zdk/work/homework2026/build/cilent': CMAKE_PREFIX_PATH=/opt/ros/humble /usr/bin/cmake --install /home/zdk/work/homework2026/build/cilent
[4.745s] -- Install configuration: ""
[4.745s] -- Up-to-date: /home/zdk/work/homework2026/install/cilent/lib/libkalman_filter.a
[4.746s] -- Up-to-date: /home/zdk/work/homework2026/install/cilent/include
[4.746s] -- Up-to-date: /home/zdk/work/homework2026/install/cilent/include/cilent
[4.746s] -- Up-to-date: /home/zdk/work/homework2026/install/cilent/include/cilent/image_processor.h
[4.746s] -- Up-to-date: /home/zdk/work/homework2026/install/cilent/include/cilent/serial_sender.h
[4.746s] -- Up-to-date: /home/zdk/work/homework2026/install/cilent/include/cilent/kalman_filter.h
[4.746s] -- Up-to-date: /home/zdk/work/homework2026/install/cilent/share/cilent/environment/library_path.sh
[4.746s] -- Up-to-date: /home/zdk/work/homework2026/install/cilent/share/cilent/environment/library_path.dsv
[4.746s] -- Up-to-date: /home/zdk/work/homework2026/install/cilent/lib/libimage_processor.a
[4.746s] -- Up-to-date: /home/zdk/work/homework2026/install/cilent/lib/libserial_sender.a
[4.747s] -- Installing: /home/zdk/work/homework2026/install/cilent/lib/cilent/cilent_main
[4.755s] -- Set runtime path of "/home/zdk/work/homework2026/install/cilent/lib/cilent/cilent_main" to ""
[4.755s] -- Up-to-date: /home/zdk/work/homework2026/install/cilent/share/ament_index/resource_index/package_run_dependencies/cilent
[4.756s] -- Up-to-date: /home/zdk/work/homework2026/install/cilent/share/ament_index/resource_index/parent_prefix_path/cilent
[4.756s] -- Up-to-date: /home/zdk/work/homework2026/install/cilent/share/cilent/environment/ament_prefix_path.sh
[4.756s] -- Up-to-date: /home/zdk/work/homework2026/install/cilent/share/cilent/environment/ament_prefix_path.dsv
[4.756s] -- Up-to-date: /home/zdk/work/homework2026/install/cilent/share/cilent/environment/path.sh
[4.756s] -- Up-to-date: /home/zdk/work/homework2026/install/cilent/share/cilent/environment/path.dsv
[4.756s] -- Up-to-date: /home/zdk/work/homework2026/install/cilent/share/cilent/local_setup.bash
[4.756s] -- Up-to-date: /home/zdk/work/homework2026/install/cilent/share/cilent/local_setup.sh
[4.756s] -- Up-to-date: /home/zdk/work/homework2026/install/cilent/share/cilent/local_setup.zsh
[4.757s] -- Up-to-date: /home/zdk/work/homework2026/install/cilent/share/cilent/local_setup.dsv
[4.757s] -- Installing: /home/zdk/work/homework2026/install/cilent/share/cilent/package.dsv
[4.757s] -- Up-to-date: /home/zdk/work/homework2026/install/cilent/share/ament_index/resource_index/packages/cilent
[4.757s] -- Up-to-date: /home/zdk/work/homework2026/install/cilent/share/cilent/cmake/export_cilentExport.cmake
[4.757s] -- Up-to-date: /home/zdk/work/homework2026/install/cilent/share/cilent/cmake/export_cilentExport-noconfig.cmake
[4.757s] -- Up-to-date: /home/zdk/work/homework2026/install/cilent/share/cilent/cmake/ament_cmake_export_targets-extras.cmake
[4.757s] -- Up-to-date: /home/zdk/work/homework2026/install/cilent/share/cilent/cmake/ament_cmake_export_dependencies-extras.cmake
[4.758s] -- Up-to-date: /home/zdk/work/homework2026/install/cilent/share/cilent/cmake/cilentConfig.cmake
[4.758s] -- Up-to-date: /home/zdk/work/homework2026/install/cilent/share/cilent/cmake/cilentConfig-version.cmake
[4.758s] -- Up-to-date: /home/zdk/work/homework2026/install/cilent/share/cilent/package.xml
[4.761s] Invoked command in '/home/zdk/work/homework2026/build/cilent' returned '0': CMAKE_PREFIX_PATH=/opt/ros/humble /usr/bin/cmake --install /home/zdk/work/homework2026/build/cilent
