[0.009s] Invoking command in '/home/zdk/work/homework2026/build/cilent': CMAKE_PREFIX_PATH=/opt/ros/humble /usr/bin/cmake --build /home/zdk/work/homework2026/build/cilent -- -j32 -l32
[0.062s] [ 25%] Built target kalman_filter
[0.062s] [ 50%] Built target serial_sender
[0.073s] [ 62%] [32mBuilding CXX object CMakeFiles/image_processor.dir/src/image_processor.cpp.o[0m
[4.044s] [ 75%] [32m[1mLinking CXX static library libimage_processor.a[0m
[4.111s] [ 75%] Built target image_processor
[4.133s] [ 87%] [32m[1mLinking CXX executable cilent_main[0m
[4.584s] [100%] Built target cilent_main
[4.591s] Invoked command in '/home/zdk/work/homework2026/build/cilent' returned '0': CMAKE_PREFIX_PATH=/opt/ros/humble /usr/bin/cmake --build /home/zdk/work/homework2026/build/cilent -- -j32 -l32
[4.597s] Invoking command in '/home/zdk/work/homework2026/build/cilent': CMAKE_PREFIX_PATH=/opt/ros/humble /usr/bin/cmake --install /home/zdk/work/homework2026/build/cilent
[4.601s] -- Install configuration: ""
[4.601s] -- Up-to-date: /home/zdk/work/homework2026/install/cilent/lib/libkalman_filter.a
[4.601s] -- Up-to-date: /home/zdk/work/homework2026/install/cilent/include
[4.602s] -- Up-to-date: /home/zdk/work/homework2026/install/cilent/include/cilent
[4.602s] -- Up-to-date: /home/zdk/work/homework2026/install/cilent/include/cilent/image_processor.h
[4.602s] -- Up-to-date: /home/zdk/work/homework2026/install/cilent/include/cilent/serial_sender.h
[4.602s] -- Up-to-date: /home/zdk/work/homework2026/install/cilent/include/cilent/kalman_filter.h
[4.602s] -- Up-to-date: /home/zdk/work/homework2026/install/cilent/share/cilent/environment/library_path.sh
[4.602s] -- Up-to-date: /home/zdk/work/homework2026/install/cilent/share/cilent/environment/library_path.dsv
[4.602s] -- Installing: /home/zdk/work/homework2026/install/cilent/lib/libimage_processor.a
[4.606s] -- Up-to-date: /home/zdk/work/homework2026/install/cilent/lib/libserial_sender.a
[4.606s] -- Installing: /home/zdk/work/homework2026/install/cilent/lib/cilent/cilent_main
[4.608s] -- Set runtime path of "/home/zdk/work/homework2026/install/cilent/lib/cilent/cilent_main" to ""
[4.608s] -- Up-to-date: /home/zdk/work/homework2026/install/cilent/share/ament_index/resource_index/package_run_dependencies/cilent
[4.608s] -- Up-to-date: /home/zdk/work/homework2026/install/cilent/share/ament_index/resource_index/parent_prefix_path/cilent
[4.608s] -- Up-to-date: /home/zdk/work/homework2026/install/cilent/share/cilent/environment/ament_prefix_path.sh
[4.609s] -- Up-to-date: /home/zdk/work/homework2026/install/cilent/share/cilent/environment/ament_prefix_path.dsv
[4.609s] -- Up-to-date: /home/zdk/work/homework2026/install/cilent/share/cilent/environment/path.sh
[4.609s] -- Up-to-date: /home/zdk/work/homework2026/install/cilent/share/cilent/environment/path.dsv
[4.609s] -- Up-to-date: /home/zdk/work/homework2026/install/cilent/share/cilent/local_setup.bash
[4.609s] -- Up-to-date: /home/zdk/work/homework2026/install/cilent/share/cilent/local_setup.sh
[4.609s] -- Up-to-date: /home/zdk/work/homework2026/install/cilent/share/cilent/local_setup.zsh
[4.609s] -- Up-to-date: /home/zdk/work/homework2026/install/cilent/share/cilent/local_setup.dsv
[4.609s] -- Installing: /home/zdk/work/homework2026/install/cilent/share/cilent/package.dsv
[4.609s] -- Up-to-date: /home/zdk/work/homework2026/install/cilent/share/ament_index/resource_index/packages/cilent
[4.609s] -- Up-to-date: /home/zdk/work/homework2026/install/cilent/share/cilent/cmake/export_cilentExport.cmake
[4.609s] -- Up-to-date: /home/zdk/work/homework2026/install/cilent/share/cilent/cmake/export_cilentExport-noconfig.cmake
[4.609s] -- Up-to-date: /home/zdk/work/homework2026/install/cilent/share/cilent/cmake/ament_cmake_export_targets-extras.cmake
[4.609s] -- Up-to-date: /home/zdk/work/homework2026/install/cilent/share/cilent/cmake/ament_cmake_export_dependencies-extras.cmake
[4.609s] -- Up-to-date: /home/zdk/work/homework2026/install/cilent/share/cilent/cmake/cilentConfig.cmake
[4.609s] -- Up-to-date: /home/zdk/work/homework2026/install/cilent/share/cilent/cmake/cilentConfig-version.cmake
[4.609s] -- Up-to-date: /home/zdk/work/homework2026/install/cilent/share/cilent/package.xml
[4.611s] Invoked command in '/home/zdk/work/homework2026/build/cilent' returned '0': CMAKE_PREFIX_PATH=/opt/ros/humble /usr/bin/cmake --install /home/zdk/work/homework2026/build/cilent
