[0.004s] Invoking command in '/home/zdk/work/homework2026/build/cilent': CMAKE_PREFIX_PATH=/opt/ros/humble /usr/bin/cmake /home/zdk/work/homework2026/cilent -DCMAKE_INSTALL_PREFIX=/home/zdk/work/homework2026/install/cilent
[0.085s] -- The C compiler identification is GNU 11.4.0
[0.118s] -- The CXX compiler identification is GNU 11.4.0
[0.124s] -- Detecting C compiler ABI info
[0.169s] -- Detecting C compiler ABI info - done
[0.173s] -- Check for working C compiler: /usr/bin/cc - skipped
[0.173s] -- Detecting C compile features
[0.173s] -- Detecting C compile features - done
[0.176s] -- Detecting CXX compiler ABI info
[0.231s] -- Detecting CXX compiler ABI info - done
[0.235s] -- Check for working CXX compiler: /usr/bin/c++ - skipped
[0.235s] -- Detecting CXX compile features
[0.235s] -- Detecting CXX compile features - done
[0.240s] -- Found ament_cmake: 1.3.12 (/opt/ros/humble/share/ament_cmake/cmake)
[0.330s] -- Found Python3: /usr/bin/python3 (found version "3.10.12") found components: Interpreter 
[0.389s] -- Found rclcpp: 16.0.17 (/opt/ros/humble/share/rclcpp/cmake)
[0.419s] -- Found rosidl_generator_c: 3.1.8 (/opt/ros/humble/share/rosidl_generator_c/cmake)
[0.422s] -- Found rosidl_adapter: 3.1.8 (/opt/ros/humble/share/rosidl_adapter/cmake)
[0.428s] -- Found rosidl_generator_cpp: 3.1.8 (/opt/ros/humble/share/rosidl_generator_cpp/cmake)
[0.438s] -- Using all available rosidl_typesupport_c: rosidl_typesupport_fastrtps_c;rosidl_typesupport_introspection_c
[0.449s] -- Using all available rosidl_typesupport_cpp: rosidl_typesupport_fastrtps_cpp;rosidl_typesupport_introspection_cpp
[0.478s] -- Found rmw_implementation_cmake: 6.1.2 (/opt/ros/humble/share/rmw_implementation_cmake/cmake)
[0.480s] -- Found rmw_fastrtps_cpp: 6.2.9 (/opt/ros/humble/share/rmw_fastrtps_cpp/cmake)
[0.538s] -- Found OpenSSL: /usr/lib/x86_64-linux-gnu/libcrypto.so (found version "3.0.2")  
[0.554s] -- Found FastRTPS: /opt/ros/humble/include  
[0.577s] -- Using RMW implementation 'rmw_fastrtps_cpp' as default
[0.585s] -- Looking for pthread.h
[0.629s] -- Looking for pthread.h - found
[0.629s] -- Performing Test CMAKE_HAVE_LIBC_PTHREAD
[0.675s] -- Performing Test CMAKE_HAVE_LIBC_PTHREAD - Success
[0.675s] -- Found Threads: TRUE  
[0.709s] -- Found sensor_msgs: 4.9.0 (/opt/ros/humble/share/sensor_msgs/cmake)
[0.729s] -- Found cv_bridge: 3.2.1 (/opt/ros/humble/share/cv_bridge/cmake)
[0.736s] -- Found image_transport: 3.1.12 (/opt/ros/humble/share/image_transport/cmake)
[0.756s] -- Found OpenCV: /usr/local (found version "4.14.0") 
[0.758s] -- Found ament_lint_auto: 0.12.14 (/opt/ros/humble/share/ament_lint_auto/cmake)
[0.803s] -- Added test 'cppcheck' to perform static code analysis on C / C++ code
[0.803s] -- Configured cppcheck include dirs: $<BUILD_INTERFACE:/home/zdk/work/homework2026/cilent/include>
[0.803s] -- Configured cppcheck exclude dirs and/or files: 
[0.804s] -- Added test 'lint_cmake' to check CMake code style
[0.804s] -- Added test 'uncrustify' to check C / C++ code style
[0.804s] -- Configured uncrustify additional arguments: 
[0.805s] -- Added test 'xmllint' to check XML markup files
[0.806s] -- Configuring done
[0.815s] -- Generating done
[0.818s] -- Build files have been written to: /home/zdk/work/homework2026/build/cilent
[0.823s] Invoked command in '/home/zdk/work/homework2026/build/cilent' returned '0': CMAKE_PREFIX_PATH=/opt/ros/humble /usr/bin/cmake /home/zdk/work/homework2026/cilent -DCMAKE_INSTALL_PREFIX=/home/zdk/work/homework2026/install/cilent
[0.824s] Invoking command in '/home/zdk/work/homework2026/build/cilent': CMAKE_PREFIX_PATH=/opt/ros/humble /usr/bin/cmake --build /home/zdk/work/homework2026/build/cilent -- -j32 -l32
[0.861s] [ 12%] [32mBuilding CXX object CMakeFiles/image_processor.dir/src/image_processor.cpp.o[0m
[0.861s] [ 25%] [32mBuilding CXX object CMakeFiles/kalman_filter.dir/src/kalman_filter.cpp.o[0m
[0.861s] [ 37%] [32mBuilding CXX object CMakeFiles/serial_sender.dir/src/serial_sender.cpp.o[0m
[1.009s] [ 50%] [32m[1mLinking CXX static library libserial_sender.a[0m
[1.031s] [ 50%] Built target serial_sender
[1.994s] [ 62%] [32m[1mLinking CXX static library libkalman_filter.a[0m
[2.024s] [ 62%] Built target kalman_filter
[4.705s] [ 75%] [32m[1mLinking CXX static library libimage_processor.a[0m
[4.775s] [ 75%] Built target image_processor
[4.789s] [ 87%] [32mBuilding CXX object CMakeFiles/cilent_main.dir/src/main.cpp.o[0m
[6.648s] [100%] [32m[1mLinking CXX executable cilent_main[0m
[6.838s] /usr/bin/ld: warning: libopencv_imgcodecs.so.4.5d, needed by /opt/ros/humble/lib/libcv_bridge.so, may conflict with libopencv_imgcodecs.so.414
[6.838s] /usr/bin/ld: warning: libopencv_imgproc.so.4.5d, needed by /opt/ros/humble/lib/libcv_bridge.so, may conflict with libopencv_imgproc.so.414
[6.838s] /usr/bin/ld: warning: libopencv_core.so.4.5d, needed by /opt/ros/humble/lib/libcv_bridge.so, may conflict with libopencv_core.so.414
[7.071s] [100%] Built target cilent_main
[7.078s] Invoked command in '/home/zdk/work/homework2026/build/cilent' returned '0': CMAKE_PREFIX_PATH=/opt/ros/humble /usr/bin/cmake --build /home/zdk/work/homework2026/build/cilent -- -j32 -l32
[7.083s] Invoking command in '/home/zdk/work/homework2026/build/cilent': CMAKE_PREFIX_PATH=/opt/ros/humble /usr/bin/cmake --install /home/zdk/work/homework2026/build/cilent
[7.088s] -- Install configuration: ""
[7.088s] -- Installing: /home/zdk/work/homework2026/install/cilent/lib/libkalman_filter.a
[7.089s] -- Up-to-date: /home/zdk/work/homework2026/install/cilent/include
[7.089s] -- Up-to-date: /home/zdk/work/homework2026/install/cilent/include/cilent
[7.089s] -- Up-to-date: /home/zdk/work/homework2026/install/cilent/include/cilent/image_processor.h
[7.089s] -- Up-to-date: /home/zdk/work/homework2026/install/cilent/include/cilent/serial_sender.h
[7.089s] -- Up-to-date: /home/zdk/work/homework2026/install/cilent/include/cilent/kalman_filter.h
[7.089s] -- Installing: /home/zdk/work/homework2026/install/cilent/share/cilent/environment/library_path.sh
[7.089s] -- Installing: /home/zdk/work/homework2026/install/cilent/share/cilent/environment/library_path.dsv
[7.089s] -- Installing: /home/zdk/work/homework2026/install/cilent/lib/libimage_processor.a
[7.093s] -- Installing: /home/zdk/work/homework2026/install/cilent/lib/libserial_sender.a
[7.094s] -- Installing: /home/zdk/work/homework2026/install/cilent/lib/cilent/cilent_main
[7.096s] -- Set runtime path of "/home/zdk/work/homework2026/install/cilent/lib/cilent/cilent_main" to ""
[7.096s] -- Installing: /home/zdk/work/homework2026/install/cilent/share/ament_index/resource_index/package_run_dependencies/cilent
[7.096s] -- Installing: /home/zdk/work/homework2026/install/cilent/share/ament_index/resource_index/parent_prefix_path/cilent
[7.096s] -- Installing: /home/zdk/work/homework2026/install/cilent/share/cilent/environment/ament_prefix_path.sh
[7.096s] -- Installing: /home/zdk/work/homework2026/install/cilent/share/cilent/environment/ament_prefix_path.dsv
[7.096s] -- Installing: /home/zdk/work/homework2026/install/cilent/share/cilent/environment/path.sh
[7.096s] -- Installing: /home/zdk/work/homework2026/install/cilent/share/cilent/environment/path.dsv
[7.096s] -- Installing: /home/zdk/work/homework2026/install/cilent/share/cilent/local_setup.bash
[7.096s] -- Installing: /home/zdk/work/homework2026/install/cilent/share/cilent/local_setup.sh
[7.096s] -- Installing: /home/zdk/work/homework2026/install/cilent/share/cilent/local_setup.zsh
[7.096s] -- Installing: /home/zdk/work/homework2026/install/cilent/share/cilent/local_setup.dsv
[7.096s] -- Installing: /home/zdk/work/homework2026/install/cilent/share/cilent/package.dsv
[7.096s] -- Installing: /home/zdk/work/homework2026/install/cilent/share/ament_index/resource_index/packages/cilent
[7.096s] -- Old export file "/home/zdk/work/homework2026/install/cilent/share/cilent/cmake/export_cilentExport.cmake" will be replaced.  Removing files [/home/zdk/work/homework2026/install/cilent/share/cilent/cmake/export_cilentExport-noconfig.cmake].
[7.096s] -- Installing: /home/zdk/work/homework2026/install/cilent/share/cilent/cmake/export_cilentExport.cmake
[7.096s] -- Installing: /home/zdk/work/homework2026/install/cilent/share/cilent/cmake/export_cilentExport-noconfig.cmake
[7.096s] -- Installing: /home/zdk/work/homework2026/install/cilent/share/cilent/cmake/ament_cmake_export_targets-extras.cmake
[7.096s] -- Installing: /home/zdk/work/homework2026/install/cilent/share/cilent/cmake/ament_cmake_export_dependencies-extras.cmake
[7.096s] -- Installing: /home/zdk/work/homework2026/install/cilent/share/cilent/cmake/cilentConfig.cmake
[7.097s] -- Installing: /home/zdk/work/homework2026/install/cilent/share/cilent/cmake/cilentConfig-version.cmake
[7.097s] -- Up-to-date: /home/zdk/work/homework2026/install/cilent/share/cilent/package.xml
[7.098s] Invoked command in '/home/zdk/work/homework2026/build/cilent' returned '0': CMAKE_PREFIX_PATH=/opt/ros/humble /usr/bin/cmake --install /home/zdk/work/homework2026/build/cilent
