[0.007s] Invoking command in '/home/zdk/work/homework2026/build/cilent': CMAKE_PREFIX_PATH=/opt/ros/humble /usr/bin/cmake --build /home/zdk/work/homework2026/build/cilent -- -j32 -l32
[0.028s] -- Found ament_cmake: 1.3.12 (/opt/ros/humble/share/ament_cmake/cmake)
[0.093s] -- Found rclcpp: 16.0.17 (/opt/ros/humble/share/rclcpp/cmake)
[0.105s] -- Found rosidl_generator_c: 3.1.8 (/opt/ros/humble/share/rosidl_generator_c/cmake)
[0.106s] -- Found rosidl_adapter: 3.1.8 (/opt/ros/humble/share/rosidl_adapter/cmake)
[0.109s] -- Found rosidl_generator_cpp: 3.1.8 (/opt/ros/humble/share/rosidl_generator_cpp/cmake)
[0.117s] -- Using all available rosidl_typesupport_c: rosidl_typesupport_fastrtps_c;rosidl_typesupport_introspection_c
[0.125s] -- Using all available rosidl_typesupport_cpp: rosidl_typesupport_fastrtps_cpp;rosidl_typesupport_introspection_cpp
[0.139s] -- Found rmw_implementation_cmake: 6.1.2 (/opt/ros/humble/share/rmw_implementation_cmake/cmake)
[0.140s] -- Found rmw_fastrtps_cpp: 6.2.9 (/opt/ros/humble/share/rmw_fastrtps_cpp/cmake)
[0.199s] -- Using RMW implementation 'rmw_fastrtps_cpp' as default
[0.228s] -- Found sensor_msgs: 4.9.0 (/opt/ros/humble/share/sensor_msgs/cmake)
[0.240s] -- Found cv_bridge: 3.2.1 (/opt/ros/humble/share/cv_bridge/cmake)
[0.244s] -- Found image_transport: 3.1.12 (/opt/ros/humble/share/image_transport/cmake)
[0.254s] -- Found ament_lint_auto: 0.12.14 (/opt/ros/humble/share/ament_lint_auto/cmake)
[0.286s] -- Added test 'cppcheck' to perform static code analysis on C / C++ code
[0.286s] -- Configured cppcheck include dirs: $<BUILD_INTERFACE:/home/zdk/work/homework2026/cilent/include>
[0.286s] -- Configured cppcheck exclude dirs and/or files: 
[0.287s] -- Added test 'lint_cmake' to check CMake code style
[0.287s] -- Added test 'uncrustify' to check C / C++ code style
[0.287s] -- Configured uncrustify additional arguments: 
[0.287s] -- Added test 'xmllint' to check XML markup files
[0.287s] -- Configuring done
[0.294s] -- Generating done
[0.296s] -- Build files have been written to: /home/zdk/work/homework2026/build/cilent
[0.313s] [35m[1mConsolidate compiler generated dependencies of target serial_sender[0m
[0.313s] [35m[1mConsolidate compiler generated dependencies of target kalman_filter[0m
[0.313s] [35m[1mConsolidate compiler generated dependencies of target image_processor[0m
[0.321s] [ 25%] Built target serial_sender
[0.323s] [ 50%] Built target kalman_filter
[0.326s] [ 75%] Built target image_processor
[0.332s] [35m[1mConsolidate compiler generated dependencies of target cilent_main[0m
[0.345s] [100%] Built target cilent_main
[0.352s] Invoked command in '/home/zdk/work/homework2026/build/cilent' returned '0': CMAKE_PREFIX_PATH=/opt/ros/humble /usr/bin/cmake --build /home/zdk/work/homework2026/build/cilent -- -j32 -l32
[0.357s] Invoking command in '/home/zdk/work/homework2026/build/cilent': CMAKE_PREFIX_PATH=/opt/ros/humble /usr/bin/cmake --install /home/zdk/work/homework2026/build/cilent
[0.361s] -- Install configuration: ""
[0.361s] -- Up-to-date: /home/zdk/work/homework2026/install/cilent/lib/libkalman_filter.a
[0.361s] -- Up-to-date: /home/zdk/work/homework2026/install/cilent/include
[0.361s] -- Up-to-date: /home/zdk/work/homework2026/install/cilent/include/cilent
[0.361s] -- Up-to-date: /home/zdk/work/homework2026/install/cilent/include/cilent/image_processor.h
[0.361s] -- Up-to-date: /home/zdk/work/homework2026/install/cilent/include/cilent/serial_sender.h
[0.362s] -- Up-to-date: /home/zdk/work/homework2026/install/cilent/include/cilent/kalman_filter.h
[0.362s] -- Up-to-date: /home/zdk/work/homework2026/install/cilent/share/cilent/environment/library_path.sh
[0.362s] -- Installing: /home/zdk/work/homework2026/install/cilent/share/cilent/environment/library_path.dsv
[0.362s] -- Up-to-date: /home/zdk/work/homework2026/install/cilent/lib/libimage_processor.a
[0.362s] -- Up-to-date: /home/zdk/work/homework2026/install/cilent/lib/libserial_sender.a
[0.362s] -- Up-to-date: /home/zdk/work/homework2026/install/cilent/lib/cilent/cilent_main
[0.362s] -- Up-to-date: /home/zdk/work/homework2026/install/cilent/share/ament_index/resource_index/package_run_dependencies/cilent
[0.362s] -- Up-to-date: /home/zdk/work/homework2026/install/cilent/share/ament_index/resource_index/parent_prefix_path/cilent
[0.362s] -- Up-to-date: /home/zdk/work/homework2026/install/cilent/share/cilent/environment/ament_prefix_path.sh
[0.362s] -- Installing: /home/zdk/work/homework2026/install/cilent/share/cilent/environment/ament_prefix_path.dsv
[0.362s] -- Up-to-date: /home/zdk/work/homework2026/install/cilent/share/cilent/environment/path.sh
[0.362s] -- Installing: /home/zdk/work/homework2026/install/cilent/share/cilent/environment/path.dsv
[0.362s] -- Up-to-date: /home/zdk/work/homework2026/install/cilent/share/cilent/local_setup.bash
[0.362s] -- Up-to-date: /home/zdk/work/homework2026/install/cilent/share/cilent/local_setup.sh
[0.362s] -- Up-to-date: /home/zdk/work/homework2026/install/cilent/share/cilent/local_setup.zsh
[0.362s] -- Installing: /home/zdk/work/homework2026/install/cilent/share/cilent/local_setup.dsv
[0.362s] -- Installing: /home/zdk/work/homework2026/install/cilent/share/cilent/package.dsv
[0.362s] -- Up-to-date: /home/zdk/work/homework2026/install/cilent/share/ament_index/resource_index/packages/cilent
[0.362s] -- Up-to-date: /home/zdk/work/homework2026/install/cilent/share/cilent/cmake/export_cilentExport.cmake
[0.362s] -- Up-to-date: /home/zdk/work/homework2026/install/cilent/share/cilent/cmake/export_cilentExport-noconfig.cmake
[0.362s] -- Up-to-date: /home/zdk/work/homework2026/install/cilent/share/cilent/cmake/ament_cmake_export_targets-extras.cmake
[0.362s] -- Up-to-date: /home/zdk/work/homework2026/install/cilent/share/cilent/cmake/ament_cmake_export_dependencies-extras.cmake
[0.362s] -- Up-to-date: /home/zdk/work/homework2026/install/cilent/share/cilent/cmake/cilentConfig.cmake
[0.362s] -- Up-to-date: /home/zdk/work/homework2026/install/cilent/share/cilent/cmake/cilentConfig-version.cmake
[0.362s] -- Up-to-date: /home/zdk/work/homework2026/install/cilent/share/cilent/package.xml
[0.363s] Invoked command in '/home/zdk/work/homework2026/build/cilent' returned '0': CMAKE_PREFIX_PATH=/opt/ros/humble /usr/bin/cmake --install /home/zdk/work/homework2026/build/cilent
