[0.553s] DEBUG:colcon:Command line arguments: ['/usr/bin/colcon', 'build', '--packages-select', 'cilent']
[0.554s] DEBUG:colcon:Parsed command line arguments: Namespace(log_base=None, log_level=None, verb_name='build', build_base='build', install_base='install', merge_install=False, symlink_install=False, test_result_base=None, continue_on_error=False, executor='parallel', parallel_workers=32, event_handlers=None, ignore_user_meta=False, metas=['./colcon.meta'], base_paths=['.'], packages_ignore=None, packages_ignore_regex=None, paths=None, packages_up_to=None, packages_up_to_regex=None, packages_above=None, packages_above_and_dependencies=None, packages_above_depth=None, packages_select_by_dep=None, packages_skip_by_dep=None, packages_skip_up_to=None, packages_select_build_failed=False, packages_skip_build_finished=False, packages_select_test_failures=False, packages_skip_test_passed=False, packages_select=['cilent'], packages_skip=None, packages_select_regex=None, packages_skip_regex=None, packages_start=None, packages_end=None, allow_overriding=[], cmake_args=None, cmake_target=None, cmake_target_skip_unavailable=False, cmake_clean_cache=False, cmake_clean_first=False, cmake_force_configure=False, ament_cmake_args=None, catkin_cmake_args=None, catkin_skip_building_tests=False, verb_parser=<colcon_defaults.argument_parser.defaults.DefaultArgumentsDecorator object at 0x7d5d713f6fe0>, verb_extension=<colcon_core.verb.build.BuildVerb object at 0x7d5d71534460>, main=<bound method BuildVerb.main of <colcon_core.verb.build.BuildVerb object at 0x7d5d71534460>>)
[0.653s] Level 1:colcon.colcon_core.package_discovery:discover_packages(colcon_meta) check parameters
[0.653s] Level 1:colcon.colcon_core.package_discovery:discover_packages(recursive) check parameters
[0.653s] Level 1:colcon.colcon_core.package_discovery:discover_packages(ignore) check parameters
[0.653s] Level 1:colcon.colcon_core.package_discovery:discover_packages(path) check parameters
[0.653s] Level 1:colcon.colcon_core.package_discovery:discover_packages(colcon_meta) discover
[0.653s] Level 1:colcon.colcon_core.package_discovery:discover_packages(recursive) discover
[0.653s] INFO:colcon.colcon_core.package_discovery:Crawling recursively for packages in '/home/zdk/ckyf/homework2026'
[0.653s] Level 1:colcon.colcon_core.package_identification:_identify(.) by extensions ['ignore', 'ignore_ament_install']
[0.653s] Level 1:colcon.colcon_core.package_identification:_identify(.) by extension 'ignore'
[0.653s] Level 1:colcon.colcon_core.package_identification:_identify(.) by extension 'ignore_ament_install'
[0.653s] Level 1:colcon.colcon_core.package_identification:_identify(.) by extensions ['colcon_pkg']
[0.653s] Level 1:colcon.colcon_core.package_identification:_identify(.) by extension 'colcon_pkg'
[0.653s] Level 1:colcon.colcon_core.package_identification:_identify(.) by extensions ['colcon_meta']
[0.653s] Level 1:colcon.colcon_core.package_identification:_identify(.) by extension 'colcon_meta'
[0.653s] Level 1:colcon.colcon_core.package_identification:_identify(.) by extensions ['ros']
[0.653s] Level 1:colcon.colcon_core.package_identification:_identify(.) by extension 'ros'
[0.663s] Level 1:colcon.colcon_core.package_identification:_identify(.) by extensions ['cmake', 'python']
[0.663s] Level 1:colcon.colcon_core.package_identification:_identify(.) by extension 'cmake'
[0.663s] Level 1:colcon.colcon_core.package_identification:_identify(.) by extension 'python'
[0.663s] Level 1:colcon.colcon_core.package_identification:_identify(.) by extensions ['python_setup_py']
[0.663s] Level 1:colcon.colcon_core.package_identification:_identify(.) by extension 'python_setup_py'
[0.663s] Level 1:colcon.colcon_core.package_identification:_identify(autoaim) by extensions ['ignore', 'ignore_ament_install']
[0.663s] Level 1:colcon.colcon_core.package_identification:_identify(autoaim) by extension 'ignore'
[0.663s] Level 1:colcon.colcon_core.package_identification:_identify(autoaim) by extension 'ignore_ament_install'
[0.663s] Level 1:colcon.colcon_core.package_identification:_identify(autoaim) by extensions ['colcon_pkg']
[0.663s] Level 1:colcon.colcon_core.package_identification:_identify(autoaim) by extension 'colcon_pkg'
[0.663s] Level 1:colcon.colcon_core.package_identification:_identify(autoaim) by extensions ['colcon_meta']
[0.663s] Level 1:colcon.colcon_core.package_identification:_identify(autoaim) by extension 'colcon_meta'
[0.663s] Level 1:colcon.colcon_core.package_identification:_identify(autoaim) by extensions ['ros']
[0.663s] Level 1:colcon.colcon_core.package_identification:_identify(autoaim) by extension 'ros'
[0.663s] Level 1:colcon.colcon_core.package_identification:_identify(autoaim) by extensions ['cmake', 'python']
[0.663s] Level 1:colcon.colcon_core.package_identification:_identify(autoaim) by extension 'cmake'
[0.663s] Level 1:colcon.colcon_core.package_identification:_identify(autoaim) by extension 'python'
[0.663s] Level 1:colcon.colcon_core.package_identification:_identify(autoaim) by extensions ['python_setup_py']
[0.663s] Level 1:colcon.colcon_core.package_identification:_identify(autoaim) by extension 'python_setup_py'
[0.664s] Level 1:colcon.colcon_core.package_identification:_identify(build) by extensions ['ignore', 'ignore_ament_install']
[0.664s] Level 1:colcon.colcon_core.package_identification:_identify(build) by extension 'ignore'
[0.664s] Level 1:colcon.colcon_core.package_identification:_identify(build) ignored
[0.664s] Level 1:colcon.colcon_core.package_identification:_identify(cilent) by extensions ['ignore', 'ignore_ament_install']
[0.664s] Level 1:colcon.colcon_core.package_identification:_identify(cilent) by extension 'ignore'
[0.664s] Level 1:colcon.colcon_core.package_identification:_identify(cilent) by extension 'ignore_ament_install'
[0.664s] Level 1:colcon.colcon_core.package_identification:_identify(cilent) by extensions ['colcon_pkg']
[0.664s] Level 1:colcon.colcon_core.package_identification:_identify(cilent) by extension 'colcon_pkg'
[0.664s] Level 1:colcon.colcon_core.package_identification:_identify(cilent) by extensions ['colcon_meta']
[0.664s] Level 1:colcon.colcon_core.package_identification:_identify(cilent) by extension 'colcon_meta'
[0.664s] Level 1:colcon.colcon_core.package_identification:_identify(cilent) by extensions ['ros']
[0.664s] Level 1:colcon.colcon_core.package_identification:_identify(cilent) by extension 'ros'
[0.666s] DEBUG:colcon.colcon_core.package_identification:Package 'cilent' with type 'ros.ament_cmake' and name 'cilent'
[0.666s] Level 1:colcon.colcon_core.package_identification:_identify(install) by extensions ['ignore', 'ignore_ament_install']
[0.666s] Level 1:colcon.colcon_core.package_identification:_identify(install) by extension 'ignore'
[0.666s] Level 1:colcon.colcon_core.package_identification:_identify(install) ignored
[0.666s] Level 1:colcon.colcon_core.package_identification:_identify(log) by extensions ['ignore', 'ignore_ament_install']
[0.666s] Level 1:colcon.colcon_core.package_identification:_identify(log) by extension 'ignore'
[0.666s] Level 1:colcon.colcon_core.package_identification:_identify(log) ignored
[0.666s] Level 1:colcon.colcon_core.package_discovery:discover_packages(recursive) using defaults
[0.666s] Level 1:colcon.colcon_core.package_discovery:discover_packages(ignore) discover
[0.667s] Level 1:colcon.colcon_core.package_discovery:discover_packages(ignore) using defaults
[0.667s] Level 1:colcon.colcon_core.package_discovery:discover_packages(path) discover
[0.667s] Level 1:colcon.colcon_core.package_discovery:discover_packages(path) using defaults
[0.680s] Level 1:colcon.colcon_core.package_discovery:discover_packages(prefix_path) check parameters
[0.680s] Level 1:colcon.colcon_core.package_discovery:discover_packages(prefix_path) discover
[0.681s] DEBUG:colcon.colcon_installed_package_information.package_discovery:Found 272 installed packages in /opt/ros/humble
[0.682s] Level 1:colcon.colcon_core.package_discovery:discover_packages(prefix_path) using defaults
[0.719s] Level 5:colcon.colcon_core.verb:set package 'cilent' build argument 'cmake_args' from command line to 'None'
[0.720s] Level 5:colcon.colcon_core.verb:set package 'cilent' build argument 'cmake_target' from command line to 'None'
[0.720s] Level 5:colcon.colcon_core.verb:set package 'cilent' build argument 'cmake_target_skip_unavailable' from command line to 'False'
[0.720s] Level 5:colcon.colcon_core.verb:set package 'cilent' build argument 'cmake_clean_cache' from command line to 'False'
[0.720s] Level 5:colcon.colcon_core.verb:set package 'cilent' build argument 'cmake_clean_first' from command line to 'False'
[0.720s] Level 5:colcon.colcon_core.verb:set package 'cilent' build argument 'cmake_force_configure' from command line to 'False'
[0.720s] Level 5:colcon.colcon_core.verb:set package 'cilent' build argument 'ament_cmake_args' from command line to 'None'
[0.720s] Level 5:colcon.colcon_core.verb:set package 'cilent' build argument 'catkin_cmake_args' from command line to 'None'
[0.720s] Level 5:colcon.colcon_core.verb:set package 'cilent' build argument 'catkin_skip_building_tests' from command line to 'False'
[0.720s] DEBUG:colcon.colcon_core.verb:Building package 'cilent' with the following arguments: {'ament_cmake_args': None, 'build_base': '/home/zdk/ckyf/homework2026/build/cilent', 'catkin_cmake_args': None, 'catkin_skip_building_tests': False, 'cmake_args': None, 'cmake_clean_cache': False, 'cmake_clean_first': False, 'cmake_force_configure': False, 'cmake_target': None, 'cmake_target_skip_unavailable': False, 'install_base': '/home/zdk/ckyf/homework2026/install/cilent', 'merge_install': False, 'path': '/home/zdk/ckyf/homework2026/cilent', 'symlink_install': False, 'test_result_base': None}
[0.720s] INFO:colcon.colcon_core.executor:Executing jobs using 'parallel' executor
[0.721s] DEBUG:colcon.colcon_parallel_executor.executor.parallel:run_until_complete
[0.721s] INFO:colcon.colcon_ros.task.ament_cmake.build:Building ROS package in '/home/zdk/ckyf/homework2026/cilent' with build type 'ament_cmake'
[0.721s] INFO:colcon.colcon_cmake.task.cmake.build:Building CMake package in '/home/zdk/ckyf/homework2026/cilent'
[0.722s] INFO:colcon.colcon_core.plugin_system:Skipping extension 'colcon_core.shell.bat': Not used on non-Windows systems
[0.722s] INFO:colcon.colcon_core.shell:Skip shell extension 'powershell' for command environment: Not usable outside of PowerShell
[0.722s] DEBUG:colcon.colcon_core.shell:Skip shell extension 'dsv' for command environment
[0.731s] DEBUG:colcon.colcon_core.event_handler.log_command:Invoking command in '/home/zdk/ckyf/homework2026/build/cilent': CMAKE_PREFIX_PATH=/opt/ros/humble /usr/bin/cmake --build /home/zdk/ckyf/homework2026/build/cilent -- -j32 -l32
[7.078s] DEBUG:colcon.colcon_core.event_handler.log_command:Invoked command in '/home/zdk/ckyf/homework2026/build/cilent' returned '2': CMAKE_PREFIX_PATH=/opt/ros/humble /usr/bin/cmake --build /home/zdk/ckyf/homework2026/build/cilent -- -j32 -l32
[7.079s] Level 1:colcon.colcon_core.environment:create_environment_scripts_only(cilent)
[7.080s] Level 1:colcon.colcon_core.environment:checking '/home/zdk/ckyf/homework2026/install/cilent' for CMake module files
[7.080s] Level 1:colcon.colcon_core.environment:checking '/home/zdk/ckyf/homework2026/install/cilent' for CMake config files
[7.080s] Level 1:colcon.colcon_core.environment:checking '/home/zdk/ckyf/homework2026/install/cilent/bin'
[7.080s] Level 1:colcon.colcon_core.environment:checking '/home/zdk/ckyf/homework2026/install/cilent/lib/pkgconfig/cilent.pc'
[7.081s] Level 1:colcon.colcon_core.environment:checking '/home/zdk/ckyf/homework2026/install/cilent/lib/python3.10/site-packages'
[7.081s] Level 1:colcon.colcon_core.environment:checking '/home/zdk/ckyf/homework2026/install/cilent/bin'
[7.081s] INFO:colcon.colcon_core.shell:Creating package script '/home/zdk/ckyf/homework2026/install/cilent/share/cilent/package.ps1'
[7.081s] INFO:colcon.colcon_core.shell:Creating package descriptor '/home/zdk/ckyf/homework2026/install/cilent/share/cilent/package.dsv'
[7.082s] INFO:colcon.colcon_core.shell:Creating package script '/home/zdk/ckyf/homework2026/install/cilent/share/cilent/package.sh'
[7.082s] INFO:colcon.colcon_core.shell:Creating package script '/home/zdk/ckyf/homework2026/install/cilent/share/cilent/package.bash'
[7.083s] INFO:colcon.colcon_core.shell:Creating package script '/home/zdk/ckyf/homework2026/install/cilent/share/cilent/package.zsh'
[7.083s] Level 1:colcon.colcon_core.environment:create_file_with_runtime_dependencies(/home/zdk/ckyf/homework2026/install/cilent/share/colcon-core/packages/cilent)
[7.094s] DEBUG:colcon.colcon_parallel_executor.executor.parallel:closing loop
[7.094s] DEBUG:colcon.colcon_parallel_executor.executor.parallel:loop closed
[7.094s] DEBUG:colcon.colcon_parallel_executor.executor.parallel:run_until_complete finished with '2'
[7.094s] DEBUG:colcon.colcon_core.event_reactor:joining thread
[7.350s] INFO:colcon.colcon_core.plugin_system:Skipping extension 'colcon_notification.desktop_notification.notify_send': Could not find 'notify-send'
[7.350s] INFO:colcon.colcon_core.plugin_system:Skipping extension 'colcon_notification.desktop_notification.terminal_notifier': Not used on non-Darwin systems
[7.350s] INFO:colcon.colcon_core.plugin_system:Skipping extension 'colcon_notification.desktop_notification.win32': Not used on non-Windows systems
[7.350s] INFO:colcon.colcon_notification.desktop_notification:Sending desktop notification using 'notify2'
[7.351s] DEBUG:colcon.colcon_notification.desktop_notification.notify2:Failed to initialize notify2: org.freedesktop.DBus.Error.ServiceUnknown: The name org.freedesktop.Notifications was not provided by any .service files
[7.351s] DEBUG:colcon.colcon_core.event_reactor:joined thread
[7.352s] INFO:colcon.colcon_core.shell:Creating prefix script '/home/zdk/ckyf/homework2026/install/local_setup.ps1'
[7.352s] INFO:colcon.colcon_core.shell:Creating prefix util module '/home/zdk/ckyf/homework2026/install/_local_setup_util_ps1.py'
[7.353s] INFO:colcon.colcon_core.shell:Creating prefix chain script '/home/zdk/ckyf/homework2026/install/setup.ps1'
[7.354s] INFO:colcon.colcon_core.shell:Creating prefix script '/home/zdk/ckyf/homework2026/install/local_setup.sh'
[7.354s] INFO:colcon.colcon_core.shell:Creating prefix util module '/home/zdk/ckyf/homework2026/install/_local_setup_util_sh.py'
[7.355s] INFO:colcon.colcon_core.shell:Creating prefix chain script '/home/zdk/ckyf/homework2026/install/setup.sh'
[7.356s] INFO:colcon.colcon_core.shell:Creating prefix script '/home/zdk/ckyf/homework2026/install/local_setup.bash'
[7.356s] INFO:colcon.colcon_core.shell:Creating prefix chain script '/home/zdk/ckyf/homework2026/install/setup.bash'
[7.357s] INFO:colcon.colcon_core.shell:Creating prefix script '/home/zdk/ckyf/homework2026/install/local_setup.zsh'
[7.357s] INFO:colcon.colcon_core.shell:Creating prefix chain script '/home/zdk/ckyf/homework2026/install/setup.zsh'
