[0.007s] Invoking command in '/home/zdk/work/homework2026/build/cilent': CMAKE_PREFIX_PATH=/opt/ros/humble /usr/bin/cmake --build /home/zdk/work/homework2026/build/cilent -- -j32 -l32
[0.044s] [ 25%] Built target serial_sender
[0.044s] [ 50%] Built target kalman_filter
[0.047s] [ 62%] [32mBuilding CXX object CMakeFiles/image_processor.dir/src/image_processor.cpp.o[0m
[3.814s] [ 75%] [32m[1mLinking CXX static library libimage_processor.a[0m
[3.878s] [ 75%] Built target image_processor
[3.886s] [35m[1mConsolidate compiler generated dependencies of target cilent_main[0m
[3.898s] [ 87%] [32mBuilding CXX object CMakeFiles/cilent_main.dir/src/main.cpp.o[0m
[5.856s] [100%] [32m[1mLinking CXX executable cilent_main[0m
[6.180s] [100%] Built target cilent_main
[6.188s] Invoked command in '/home/zdk/work/homework2026/build/cilent' returned '0': CMAKE_PREFIX_PATH=/opt/ros/humble /usr/bin/cmake --build /home/zdk/work/homework2026/build/cilent -- -j32 -l32
[6.194s] Invoking command in '/home/zdk/work/homework2026/build/cilent': CMAKE_PREFIX_PATH=/opt/ros/humble /usr/bin/cmake --install /home/zdk/work/homework2026/build/cilent
[6.198s] -- Install configuration: ""
[6.198s] -- Installing: /home/zdk/work/homework2026/install/cilent/lib/libkalman_filter.a
[6.199s] -- Up-to-date: /home/zdk/work/homework2026/install/cilent/include
[6.199s] -- Up-to-date: /home/zdk/work/homework2026/install/cilent/include/cilent
[6.199s] -- Installing: /home/zdk/work/homework2026/install/cilent/include/cilent/image_processor.h
[6.199s] -- Installing: /home/zdk/work/homework2026/install/cilent/include/cilent/serial_sender.h
[6.199s] -- Installing: /home/zdk/work/homework2026/install/cilent/include/cilent/kalman_filter.h
[6.199s] -- Installing: /home/zdk/work/homework2026/install/cilent/share/cilent/environment/library_path.sh
[6.200s] -- Installing: /home/zdk/work/homework2026/install/cilent/share/cilent/environment/library_path.dsv
[6.201s] -- Installing: /home/zdk/work/homework2026/install/cilent/lib/libimage_processor.a
[6.205s] -- Installing: /home/zdk/work/homework2026/install/cilent/lib/libserial_sender.a
[6.206s] -- Installing: /home/zdk/work/homework2026/install/cilent/lib/cilent/cilent_main
[6.208s] -- Set runtime path of "/home/zdk/work/homework2026/install/cilent/lib/cilent/cilent_main" to ""
[6.208s] -- Installing: /home/zdk/work/homework2026/install/cilent/share/ament_index/resource_index/package_run_dependencies/cilent
[6.209s] -- Installing: /home/zdk/work/homework2026/install/cilent/share/ament_index/resource_index/parent_prefix_path/cilent
[6.210s] -- Installing: /home/zdk/work/homework2026/install/cilent/share/cilent/environment/ament_prefix_path.sh
[6.210s] -- Installing: /home/zdk/work/homework2026/install/cilent/share/cilent/environment/ament_prefix_path.dsv
[6.210s] -- Installing: /home/zdk/work/homework2026/install/cilent/share/cilent/environment/path.sh
[6.211s] -- Installing: /home/zdk/work/homework2026/install/cilent/share/cilent/environment/path.dsv
[6.211s] -- Installing: /home/zdk/work/homework2026/install/cilent/share/cilent/local_setup.bash
[6.211s] -- Installing: /home/zdk/work/homework2026/install/cilent/share/cilent/local_setup.sh
[6.211s] -- Installing: /home/zdk/work/homework2026/install/cilent/share/cilent/local_setup.zsh
[6.211s] -- Installing: /home/zdk/work/homework2026/install/cilent/share/cilent/local_setup.dsv
[6.212s] -- Installing: /home/zdk/work/homework2026/install/cilent/share/cilent/package.dsv
[6.212s] -- Installing: /home/zdk/work/homework2026/install/cilent/share/ament_index/resource_index/packages/cilent
[6.212s] -- Installing: /home/zdk/work/homework2026/install/cilent/share/cilent/cmake/export_cilentExport.cmake
[6.212s] -- Installing: /home/zdk/work/homework2026/install/cilent/share/cilent/cmake/export_cilentExport-noconfig.cmake
[6.212s] -- Installing: /home/zdk/work/homework2026/install/cilent/share/cilent/cmake/ament_cmake_export_targets-extras.cmake
[6.212s] -- Installing: /home/zdk/work/homework2026/install/cilent/share/cilent/cmake/ament_cmake_export_dependencies-extras.cmake
[6.213s] -- Installing: /home/zdk/work/homework2026/install/cilent/share/cilent/cmake/cilentConfig.cmake
[6.213s] -- Installing: /home/zdk/work/homework2026/install/cilent/share/cilent/cmake/cilentConfig-version.cmake
[6.214s] -- Installing: /home/zdk/work/homework2026/install/cilent/share/cilent/package.xml
[6.215s] Invoked command in '/home/zdk/work/homework2026/build/cilent' returned '0': CMAKE_PREFIX_PATH=/opt/ros/humble /usr/bin/cmake --install /home/zdk/work/homework2026/build/cilent
